Mon 11 Apr 2022 05:08:33 PM UTC
cd /home/jenkins/jenkins-home/workspace/hadoop-multibranch_PR-3259/ubuntu-focal/src/hadoop-mapreduce-project/hadoop-mapreduce-client/hadoop-mapreduce-client-core
/usr/bin/mvn --batch-mode -Dmaven.repo.local=/home/jenkins/jenkins-home/workspace/hadoop-multibranch_PR-3259/yetus-m2/hadoop-trunk-patch-0 -Ptest-patch -Dsurefire.rerunFailingTestsCount=2 -Pparallel-tests -P!shelltest -Pnative -Drequire.fuse -Drequire.openssl -Drequire.snappy -Drequire.valgrind -Drequire.zstd -Drequire.test.libhadoop -Pyarn-ui clean test -fae
[INFO] Scanning for projects...
[INFO] ------------------------------------------------------------------------
[INFO] Detecting the operating system and CPU architecture
[INFO] ------------------------------------------------------------------------
[INFO] os.detected.name: linux
[INFO] os.detected.arch: x86_64
[INFO] os.detected.version: 4.15
[INFO] os.detected.version.major: 4
[INFO] os.detected.version.minor: 15
[INFO] os.detected.release: ubuntu
[INFO] os.detected.release.version: 20.04
[INFO] os.detected.release.like.ubuntu: true
[INFO] os.detected.release.like.debian: true
[INFO] os.detected.classifier: linux-x86_64
[INFO] 
[INFO] -----------< org.apache.hadoop:hadoop-mapreduce-client-core >-----------
[INFO] Building Apache Hadoop MapReduce Core 3.4.0-SNAPSHOT
[INFO] --------------------------------[ jar ]---------------------------------
[INFO] 
[INFO] --- maven-clean-plugin:3.1.0:clean (default-clean) @ hadoop-mapreduce-client-core ---
[INFO] Deleting /home/jenkins/jenkins-home/workspace/hadoop-multibranch_PR-3259/ubuntu-focal/src/hadoop-mapreduce-project/hadoop-mapreduce-client/hadoop-mapreduce-client-core/target
[INFO] Deleting /home/jenkins/jenkins-home/workspace/hadoop-multibranch_PR-3259/ubuntu-focal/src/hadoop-mapreduce-project/hadoop-mapreduce-client/hadoop-mapreduce-client-core/src/site/resources (includes = [configuration.xsl, mapred-default.xml], excludes = [])
[INFO] 
[INFO] --- maven-antrun-plugin:1.7:run (create-testdirs) @ hadoop-mapreduce-client-core ---
[INFO] Executing tasks

main:
    [mkdir] Created dir: /home/jenkins/jenkins-home/workspace/hadoop-multibranch_PR-3259/ubuntu-focal/src/hadoop-mapreduce-project/hadoop-mapreduce-client/hadoop-mapreduce-client-core/target/test-dir
[INFO] Executed tasks
[INFO] 
[INFO] --- avro-maven-plugin:1.9.2:protocol (default) @ hadoop-mapreduce-client-core ---
[WARNING] configuration key 'resource.loader' has been deprecated in favor of 'resource.loaders'
[WARNING] configuration key 'class.resource.loader.class' has been deprecated in favor of 'resource.loader.class.class'
[WARNING] configuration key 'file.resource.loader.class' has been deprecated in favor of 'resource.loader.file.class'
[WARNING] configuration key 'file.resource.loader.path' has been deprecated in favor of 'resource.loader.file.path'
[WARNING] configuration key 'runtime.references.strict' has been deprecated in favor of 'runtime.strict_mode.enable'
[WARNING] configuration key 'space.gobbling' has been deprecated in favor of 'parser.space_gobbling'
[INFO] 
[INFO] --- maven-enforcer-plugin:3.0.0:enforce (banned-illegal-imports) @ hadoop-mapreduce-client-core ---
[INFO] 
[INFO] --- replacer:1.5.3:replace (replace-generated-sources) @ hadoop-mapreduce-client-core ---
[INFO] Skipping
[INFO] 
[INFO] --- replacer:1.5.3:replace (replace-sources) @ hadoop-mapreduce-client-core ---
[INFO] Skipping
[INFO] 
[INFO] --- replacer:1.5.3:replace (replace-guava) @ hadoop-mapreduce-client-core ---
[INFO] Replacement run on 618 files.
[INFO] 
[INFO] --- maven-resources-plugin:2.6:resources (default-resources) @ hadoop-mapreduce-client-core ---
[INFO] Using 'UTF-8' encoding to copy filtered resources.
[INFO] Copying 8 resources
[INFO] 
[INFO] --- maven-compiler-plugin:3.1:compile (default-compile) @ hadoop-mapreduce-client-core ---
[INFO] Compiling 562 source files to /home/jenkins/jenkins-home/workspace/hadoop-multibranch_PR-3259/ubuntu-focal/src/hadoop-mapreduce-project/hadoop-mapreduce-client/hadoop-mapreduce-client-core/target/classes
[WARNING] /home/jenkins/jenkins-home/workspace/hadoop-multibranch_PR-3259/ubuntu-focal/src/hadoop-mapreduce-project/hadoop-mapreduce-client/hadoop-mapreduce-client-core/src/main/java/org/apache/hadoop/mapred/Mapper.java:[26,27] [deprecation] Closeable in org.apache.hadoop.io has been deprecated
[WARNING] /home/jenkins/jenkins-home/workspace/hadoop-multibranch_PR-3259/ubuntu-focal/src/hadoop-mapreduce-project/hadoop-mapreduce-client/hadoop-mapreduce-client-core/src/main/java/org/apache/hadoop/mapred/Reducer.java:[28,27] [deprecation] Closeable in org.apache.hadoop.io has been deprecated
[WARNING] /home/jenkins/jenkins-home/workspace/hadoop-multibranch_PR-3259/ubuntu-focal/src/hadoop-mapreduce-project/hadoop-mapreduce-client/hadoop-mapreduce-client-core/src/main/java/org/apache/hadoop/mapred/JobEndNotifier.java:[30,36] [deprecation] ClientPNames in org.apache.http.client.params has been deprecated
[WARNING] /home/jenkins/jenkins-home/workspace/hadoop-multibranch_PR-3259/ubuntu-focal/src/hadoop-mapreduce-project/hadoop-mapreduce-client/hadoop-mapreduce-client-core/src/main/java/org/apache/hadoop/mapred/JobEndNotifier.java:[31,34] [deprecation] DefaultHttpClient in org.apache.http.impl.client has been deprecated
[WARNING] /home/jenkins/jenkins-home/workspace/hadoop-multibranch_PR-3259/ubuntu-focal/src/hadoop-mapreduce-project/hadoop-mapreduce-client/hadoop-mapreduce-client-core/src/main/java/org/apache/hadoop/mapred/JobEndNotifier.java:[32,29] [deprecation] CoreConnectionPNames in org.apache.http.params has been deprecated
[WARNING] /home/jenkins/jenkins-home/workspace/hadoop-multibranch_PR-3259/ubuntu-focal/src/hadoop-mapreduce-project/hadoop-mapreduce-client/hadoop-mapreduce-client-core/src/main/java/org/apache/hadoop/mapred/JobClient.java:[44,44] [deprecation] DistributedCache in org.apache.hadoop.mapreduce.filecache has been deprecated
[WARNING] /home/jenkins/jenkins-home/workspace/hadoop-multibranch_PR-3259/ubuntu-focal/src/hadoop-mapreduce-project/hadoop-mapreduce-client/hadoop-mapreduce-client-core/src/main/java/org/apache/hadoop/mapred/MapReduceBase.java:[25,27] [deprecation] Closeable in org.apache.hadoop.io has been deprecated
[WARNING] /home/jenkins/jenkins-home/workspace/hadoop-multibranch_PR-3259/ubuntu-focal/src/hadoop-mapreduce-project/hadoop-mapreduce-client/hadoop-mapreduce-client-core/src/main/java/org/apache/hadoop/mapreduce/JobResourceUploader.java:[43,44] [deprecation] DistributedCache in org.apache.hadoop.mapreduce.filecache has been deprecated
[WARNING] /home/jenkins/jenkins-home/workspace/hadoop-multibranch_PR-3259/ubuntu-focal/src/hadoop-mapreduce-project/hadoop-mapreduce-client/hadoop-mapreduce-client-core/src/main/java/org/apache/hadoop/mapred/Mapper.java:[135,65] [deprecation] Closeable in org.apache.hadoop.io has been deprecated
[WARNING] /home/jenkins/jenkins-home/workspace/hadoop-multibranch_PR-3259/ubuntu-focal/src/hadoop-mapreduce-project/hadoop-mapreduce-client/hadoop-mapreduce-client-core/src/main/java/org/apache/hadoop/mapred/Reducer.java:[168,66] [deprecation] Closeable in org.apache.hadoop.io has been deprecated
[WARNING] /home/jenkins/jenkins-home/workspace/hadoop-multibranch_PR-3259/ubuntu-focal/src/hadoop-mapreduce-project/hadoop-mapreduce-client/hadoop-mapreduce-client-core/src/main/java/org/apache/hadoop/mapreduce/task/JobContextImpl.java:[399,16] [deprecation] getLocalCacheFiles() in JobContext has been deprecated
[WARNING] /home/jenkins/jenkins-home/workspace/hadoop-multibranch_PR-3259/ubuntu-focal/src/hadoop-mapreduce-project/hadoop-mapreduce-client/hadoop-mapreduce-client-core/src/main/java/org/apache/hadoop/mapreduce/task/JobContextImpl.java:[379,16] [deprecation] getLocalCacheArchives() in JobContext has been deprecated
[WARNING] /home/jenkins/jenkins-home/workspace/hadoop-multibranch_PR-3259/ubuntu-focal/src/hadoop-mapreduce-project/hadoop-mapreduce-client/hadoop-mapreduce-client-core/src/main/java/org/apache/hadoop/mapreduce/task/JobContextImpl.java:[302,17] [deprecation] getSymlink() in JobContext has been deprecated
[WARNING] /home/jenkins/jenkins-home/workspace/hadoop-multibranch_PR-3259/ubuntu-focal/src/hadoop-mapreduce-project/hadoop-mapreduce-client/hadoop-mapreduce-client-core/src/main/java/org/apache/hadoop/mapreduce/task/JobContextImpl.java:[303,11] [deprecation] DistributedCache in org.apache.hadoop.mapreduce.filecache has been deprecated
[WARNING] /home/jenkins/jenkins-home/workspace/hadoop-multibranch_PR-3259/ubuntu-focal/src/hadoop-mapreduce-project/hadoop-mapreduce-client/hadoop-mapreduce-client-core/src/main/java/org/apache/hadoop/mapreduce/task/JobContextImpl.java:[303,27] [deprecation] getSymlink(Configuration) in DistributedCache has been deprecated
[WARNING] /home/jenkins/jenkins-home/workspace/hadoop-multibranch_PR-3259/ubuntu-focal/src/hadoop-mapreduce-project/hadoop-mapreduce-client/hadoop-mapreduce-client-core/src/main/java/org/apache/hadoop/mapreduce/Job.java:[85,7] [deprecation] getLocalCacheFiles() in JobContext has been deprecated
[WARNING] /home/jenkins/jenkins-home/workspace/hadoop-multibranch_PR-3259/ubuntu-focal/src/hadoop-mapreduce-project/hadoop-mapreduce-client/hadoop-mapreduce-client-core/src/main/java/org/apache/hadoop/mapreduce/Job.java:[85,7] [deprecation] getLocalCacheArchives() in JobContext has been deprecated
[WARNING] /home/jenkins/jenkins-home/workspace/hadoop-multibranch_PR-3259/ubuntu-focal/src/hadoop-mapreduce-project/hadoop-mapreduce-client/hadoop-mapreduce-client-core/src/main/java/org/apache/hadoop/mapreduce/Job.java:[85,7] [deprecation] getSymlink() in JobContext has been deprecated
[WARNING] /home/jenkins/jenkins-home/workspace/hadoop-multibranch_PR-3259/ubuntu-focal/src/hadoop-mapreduce-project/hadoop-mapreduce-client/hadoop-mapreduce-client-core/src/main/java/org/apache/hadoop/mapred/JobEndNotifier.java:[70,4] [deprecation] DefaultHttpClient in org.apache.http.impl.client has been deprecated
[WARNING] /home/jenkins/jenkins-home/workspace/hadoop-multibranch_PR-3259/ubuntu-focal/src/hadoop-mapreduce-project/hadoop-mapreduce-client/hadoop-mapreduce-client-core/src/main/java/org/apache/hadoop/mapred/JobEndNotifier.java:[70,35] [deprecation] DefaultHttpClient in org.apache.http.impl.client has been deprecated
[WARNING] /home/jenkins/jenkins-home/workspace/hadoop-multibranch_PR-3259/ubuntu-focal/src/hadoop-mapreduce-project/hadoop-mapreduce-client/hadoop-mapreduce-client-core/src/main/java/org/apache/hadoop/mapred/JobEndNotifier.java:[73,26] [deprecation] ClientPNames in org.apache.http.client.params has been deprecated
[WARNING] /home/jenkins/jenkins-home/workspace/hadoop-multibranch_PR-3259/ubuntu-focal/src/hadoop-mapreduce-project/hadoop-mapreduce-client/hadoop-mapreduce-client-core/src/main/java/org/apache/hadoop/mapred/JobEndNotifier.java:[72,25] [deprecation] CoreConnectionPNames in org.apache.http.params has been deprecated
[WARNING] /home/jenkins/jenkins-home/workspace/hadoop-multibranch_PR-3259/ubuntu-focal/src/hadoop-mapreduce-project/hadoop-mapreduce-client/hadoop-mapreduce-client-core/src/main/java/org/apache/hadoop/mapreduce/lib/partition/InputSampler.java:[326,45] [deprecation] createWriter(FileSystem,Configuration,Path,Class,Class) in SequenceFile has been deprecated
[WARNING] /home/jenkins/jenkins-home/workspace/hadoop-multibranch_PR-3259/ubuntu-focal/src/hadoop-mapreduce-project/hadoop-mapreduce-client/hadoop-mapreduce-client-core/src/main/java/org/apache/hadoop/mapred/MapFileOutputFormat.java:[66,6] [deprecation] Writer(Configuration,FileSystem,String,Class<? extends WritableComparable>,Class,CompressionType,CompressionCodec,Progressable) in Writer has been deprecated
[WARNING] /home/jenkins/jenkins-home/workspace/hadoop-multibranch_PR-3259/ubuntu-focal/src/hadoop-mapreduce-project/hadoop-mapreduce-client/hadoop-mapreduce-client-core/src/main/java/org/apache/hadoop/mapred/Task.java:[392,38] [deprecation] getAllStatistics() in FileSystem has been deprecated
[WARNING] /home/jenkins/jenkins-home/workspace/hadoop-multibranch_PR-3259/ubuntu-focal/src/hadoop-mapreduce-project/hadoop-mapreduce-client/hadoop-mapreduce-client-core/src/main/java/org/apache/hadoop/mapred/Task.java:[532,26] [deprecation] read(DataInput) in TaskAttemptID has been deprecated
[WARNING] /home/jenkins/jenkins-home/workspace/hadoop-multibranch_PR-3259/ubuntu-focal/src/hadoop-mapreduce-project/hadoop-mapreduce-client/hadoop-mapreduce-client-core/src/main/java/org/apache/hadoop/mapred/Task.java:[1197,35] [deprecation] getAllStatistics() in FileSystem has been deprecated
[WARNING] /home/jenkins/jenkins-home/workspace/hadoop-multibranch_PR-3259/ubuntu-focal/src/hadoop-mapreduce-project/hadoop-mapreduce-client/hadoop-mapreduce-client-core/src/main/java/org/apache/hadoop/mapred/MapTask.java:[176,50] [unchecked] unchecked conversion
[WARNING]   required: RecordReader<K,V>
  found:    RecordReader
  where K,V are type-variables:
    K extends Object declared in class MapTask.TrackedRecordReader
    V extends Object declared in class MapTask.TrackedRecordReader
/home/jenkins/jenkins-home/workspace/hadoop-multibranch_PR-3259/ubuntu-focal/src/hadoop-mapreduce-project/hadoop-mapreduce-client/hadoop-mapreduce-client-core/src/main/java/org/apache/hadoop/mapred/MapTask.java:[301,22] [deprecation] createWriter(FileSystem,Configuration,Path,Class,Class,CompressionType,Progressable) in SequenceFile has been deprecated
[WARNING] /home/jenkins/jenkins-home/workspace/hadoop-multibranch_PR-3259/ubuntu-focal/src/hadoop-mapreduce-project/hadoop-mapreduce-client/hadoop-mapreduce-client-core/src/main/java/org/apache/hadoop/mapred/join/CompositeRecordReader.java:[329,17] [deprecation] cloneInto(Writable,Writable) in WritableUtils has been deprecated
[WARNING] /home/jenkins/jenkins-home/workspace/hadoop-multibranch_PR-3259/ubuntu-focal/src/hadoop-mapreduce-project/hadoop-mapreduce-client/hadoop-mapreduce-client-core/src/main/java/org/apache/hadoop/mapred/join/JoinRecordReader.java:[53,19] [deprecation] cloneInto(Writable,Writable) in WritableUtils has been deprecated
[WARNING] /home/jenkins/jenkins-home/workspace/hadoop-multibranch_PR-3259/ubuntu-focal/src/hadoop-mapreduce-project/hadoop-mapreduce-client/hadoop-mapreduce-client-core/src/main/java/org/apache/hadoop/mapred/join/JoinRecordReader.java:[63,21] [deprecation] cloneInto(Writable,Writable) in WritableUtils has been deprecated
[WARNING] /home/jenkins/jenkins-home/workspace/hadoop-multibranch_PR-3259/ubuntu-focal/src/hadoop-mapreduce-project/hadoop-mapreduce-client/hadoop-mapreduce-client-core/src/main/java/org/apache/hadoop/mapred/SequenceFileRecordReader.java:[49,14] [deprecation] Reader(FileSystem,Path,Configuration) in Reader has been deprecated
[WARNING] /home/jenkins/jenkins-home/workspace/hadoop-multibranch_PR-3259/ubuntu-focal/src/hadoop-mapreduce-project/hadoop-mapreduce-client/hadoop-mapreduce-client-core/src/main/java/org/apache/hadoop/mapreduce/lib/input/SequenceFileRecordReader.java:[54,14] [deprecation] Reader(FileSystem,Path,Configuration) in Reader has been deprecated
[WARNING] /home/jenkins/jenkins-home/workspace/hadoop-multibranch_PR-3259/ubuntu-focal/src/hadoop-mapreduce-project/hadoop-mapreduce-client/hadoop-mapreduce-client-core/src/main/java/org/apache/hadoop/mapreduce/lib/output/SequenceFileOutputFormat.java:[64,23] [deprecation] createWriter(FileSystem,Configuration,Path,Class,Class,CompressionType,CompressionCodec,Progressable) in SequenceFile has been deprecated
[WARNING] /home/jenkins/jenkins-home/workspace/hadoop-multibranch_PR-3259/ubuntu-focal/src/hadoop-mapreduce-project/hadoop-mapreduce-client/hadoop-mapreduce-client-core/src/main/java/org/apache/hadoop/mapreduce/lib/output/NullOutputFormat.java:[54,18] [deprecation] cleanupJob(JobContext) in OutputCommitter has been deprecated
[WARNING] /home/jenkins/jenkins-home/workspace/hadoop-multibranch_PR-3259/ubuntu-focal/src/hadoop-mapreduce-project/hadoop-mapreduce-client/hadoop-mapreduce-client-core/src/main/java/org/apache/hadoop/mapreduce/lib/output/MapFileOutputFormat.java:[71,6] [deprecation] Writer(Configuration,FileSystem,String,Class<? extends WritableComparable>,Class,CompressionType,CompressionCodec,Progressable) in Writer has been deprecated
[WARNING] /home/jenkins/jenkins-home/workspace/hadoop-multibranch_PR-3259/ubuntu-focal/src/hadoop-mapreduce-project/hadoop-mapreduce-client/hadoop-mapreduce-client-core/src/main/java/org/apache/hadoop/mapreduce/lib/output/MapFileOutputFormat.java:[108,17] [deprecation] Reader(FileSystem,String,Configuration) in Reader has been deprecated
[WARNING] /home/jenkins/jenkins-home/workspace/hadoop-multibranch_PR-3259/ubuntu-focal/src/hadoop-mapreduce-project/hadoop-mapreduce-client/hadoop-mapreduce-client-core/src/main/java/org/apache/hadoop/mapred/SequenceFileOutputFormat.java:[64,18] [deprecation] createWriter(FileSystem,Configuration,Path,Class,Class,CompressionType,CompressionCodec,Progressable) in SequenceFile has been deprecated
[WARNING] /home/jenkins/jenkins-home/workspace/hadoop-multibranch_PR-3259/ubuntu-focal/src/hadoop-mapreduce-project/hadoop-mapreduce-client/hadoop-mapreduce-client-core/src/main/java/org/apache/hadoop/mapred/SequenceFileOutputFormat.java:[94,17] [deprecation] Reader(FileSystem,Path,Configuration) in Reader has been deprecated
[WARNING] /home/jenkins/jenkins-home/workspace/hadoop-multibranch_PR-3259/ubuntu-focal/src/hadoop-mapreduce-project/hadoop-mapreduce-client/hadoop-mapreduce-client-core/src/main/java/org/apache/hadoop/mapred/SequenceFileAsBinaryOutputFormat.java:[131,18] [deprecation] createWriter(FileSystem,Configuration,Path,Class,Class,CompressionType,CompressionCodec,Progressable) in SequenceFile has been deprecated
[WARNING] /home/jenkins/jenkins-home/workspace/hadoop-multibranch_PR-3259/ubuntu-focal/src/hadoop-mapreduce-project/hadoop-mapreduce-client/hadoop-mapreduce-client-core/src/main/java/org/apache/hadoop/mapreduce/lib/reduce/WrappedReducer.java:[211,18] [deprecation] getLocalCacheFiles() in JobContext has been deprecated
[WARNING] /home/jenkins/jenkins-home/workspace/hadoop-multibranch_PR-3259/ubuntu-focal/src/hadoop-mapreduce-project/hadoop-mapreduce-client/hadoop-mapreduce-client-core/src/main/java/org/apache/hadoop/mapreduce/lib/reduce/WrappedReducer.java:[206,18] [deprecation] getLocalCacheArchives() in JobContext has been deprecated
[WARNING] /home/jenkins/jenkins-home/workspace/hadoop-multibranch_PR-3259/ubuntu-focal/src/hadoop-mapreduce-project/hadoop-mapreduce-client/hadoop-mapreduce-client-core/src/main/java/org/apache/hadoop/mapreduce/lib/reduce/WrappedReducer.java:[280,19] [deprecation] getSymlink() in JobContext has been deprecated
[WARNING] /home/jenkins/jenkins-home/workspace/hadoop-multibranch_PR-3259/ubuntu-focal/src/hadoop-mapreduce-project/hadoop-mapreduce-client/hadoop-mapreduce-client-core/src/main/java/org/apache/hadoop/mapreduce/lib/reduce/WrappedReducer.java:[207,26] [deprecation] getLocalCacheArchives() in JobContext has been deprecated
[WARNING] /home/jenkins/jenkins-home/workspace/hadoop-multibranch_PR-3259/ubuntu-focal/src/hadoop-mapreduce-project/hadoop-mapreduce-client/hadoop-mapreduce-client-core/src/main/java/org/apache/hadoop/mapreduce/lib/reduce/WrappedReducer.java:[212,26] [deprecation] getLocalCacheFiles() in JobContext has been deprecated
[WARNING] /home/jenkins/jenkins-home/workspace/hadoop-multibranch_PR-3259/ubuntu-focal/src/hadoop-mapreduce-project/hadoop-mapreduce-client/hadoop-mapreduce-client-core/src/main/java/org/apache/hadoop/mapreduce/lib/reduce/WrappedReducer.java:[281,26] [deprecation] getSymlink() in JobContext has been deprecated
[WARNING] /home/jenkins/jenkins-home/workspace/hadoop-multibranch_PR-3259/ubuntu-focal/src/hadoop-mapreduce-project/hadoop-mapreduce-client/hadoop-mapreduce-client-core/src/main/java/org/apache/hadoop/mapreduce/lib/input/SequenceFileAsBinaryInputFormat.java:[72,16] [deprecation] Reader(FileSystem,Path,Configuration) in Reader has been deprecated
[WARNING] /home/jenkins/jenkins-home/workspace/hadoop-multibranch_PR-3259/ubuntu-focal/src/hadoop-mapreduce-project/hadoop-mapreduce-client/hadoop-mapreduce-client-core/src/main/java/org/apache/hadoop/mapred/join/MultiFilterRecordReader.java:[74,19] [deprecation] cloneInto(Writable,Writable) in WritableUtils has been deprecated
[WARNING] /home/jenkins/jenkins-home/workspace/hadoop-multibranch_PR-3259/ubuntu-focal/src/hadoop-mapreduce-project/hadoop-mapreduce-client/hadoop-mapreduce-client-core/src/main/java/org/apache/hadoop/mapred/join/MultiFilterRecordReader.java:[75,19] [deprecation] cloneInto(Writable,Writable) in WritableUtils has been deprecated
[WARNING] /home/jenkins/jenkins-home/workspace/hadoop-multibranch_PR-3259/ubuntu-focal/src/hadoop-mapreduce-project/hadoop-mapreduce-client/hadoop-mapreduce-client-core/src/main/java/org/apache/hadoop/mapred/join/MultiFilterRecordReader.java:[85,21] [deprecation] cloneInto(Writable,Writable) in WritableUtils has been deprecated
[WARNING] /home/jenkins/jenkins-home/workspace/hadoop-multibranch_PR-3259/ubuntu-focal/src/hadoop-mapreduce-project/hadoop-mapreduce-client/hadoop-mapreduce-client-core/src/main/java/org/apache/hadoop/mapred/join/MultiFilterRecordReader.java:[86,21] [deprecation] cloneInto(Writable,Writable) in WritableUtils has been deprecated
[WARNING] /home/jenkins/jenkins-home/workspace/hadoop-multibranch_PR-3259/ubuntu-focal/src/hadoop-mapreduce-project/hadoop-mapreduce-client/hadoop-mapreduce-client-core/src/main/java/org/apache/hadoop/mapred/join/MultiFilterRecordReader.java:[131,21] [deprecation] cloneInto(Writable,Writable) in WritableUtils has been deprecated
[WARNING] /home/jenkins/jenkins-home/workspace/hadoop-multibranch_PR-3259/ubuntu-focal/src/hadoop-mapreduce-project/hadoop-mapreduce-client/hadoop-mapreduce-client-core/src/main/java/org/apache/hadoop/mapred/join/MultiFilterRecordReader.java:[137,19] [deprecation] cloneInto(Writable,Writable) in WritableUtils has been deprecated
[WARNING] /home/jenkins/jenkins-home/workspace/hadoop-multibranch_PR-3259/ubuntu-focal/src/hadoop-mapreduce-project/hadoop-mapreduce-client/hadoop-mapreduce-client-core/src/main/java/org/apache/hadoop/mapreduce/filecache/ClientDistributedCacheManager.java:[258,34] [deprecation] DistributedCache in org.apache.hadoop.mapreduce.filecache has been deprecated
[WARNING] /home/jenkins/jenkins-home/workspace/hadoop-multibranch_PR-3259/ubuntu-focal/src/hadoop-mapreduce-project/hadoop-mapreduce-client/hadoop-mapreduce-client-core/src/main/java/org/apache/hadoop/mapreduce/filecache/ClientDistributedCacheManager.java:[318,30] [deprecation] DistributedCache in org.apache.hadoop.mapreduce.filecache has been deprecated
[WARNING] /home/jenkins/jenkins-home/workspace/hadoop-multibranch_PR-3259/ubuntu-focal/src/hadoop-mapreduce-project/hadoop-mapreduce-client/hadoop-mapreduce-client-core/src/main/java/org/apache/hadoop/mapreduce/lib/chain/ChainReduceContextImpl.java:[209,16] [deprecation] getLocalCacheFiles() in JobContext has been deprecated
[WARNING] /home/jenkins/jenkins-home/workspace/hadoop-multibranch_PR-3259/ubuntu-focal/src/hadoop-mapreduce-project/hadoop-mapreduce-client/hadoop-mapreduce-client-core/src/main/java/org/apache/hadoop/mapreduce/lib/chain/ChainReduceContextImpl.java:[204,16] [deprecation] getLocalCacheArchives() in JobContext has been deprecated
[WARNING] /home/jenkins/jenkins-home/workspace/hadoop-multibranch_PR-3259/ubuntu-focal/src/hadoop-mapreduce-project/hadoop-mapreduce-client/hadoop-mapreduce-client-core/src/main/java/org/apache/hadoop/mapreduce/lib/chain/ChainReduceContextImpl.java:[293,17] [deprecation] getSymlink() in JobContext has been deprecated
[WARNING] /home/jenkins/jenkins-home/workspace/hadoop-multibranch_PR-3259/ubuntu-focal/src/hadoop-mapreduce-project/hadoop-mapreduce-client/hadoop-mapreduce-client-core/src/main/java/org/apache/hadoop/mapreduce/lib/chain/ChainReduceContextImpl.java:[205,15] [deprecation] getLocalCacheArchives() in JobContext has been deprecated
[WARNING] /home/jenkins/jenkins-home/workspace/hadoop-multibranch_PR-3259/ubuntu-focal/src/hadoop-mapreduce-project/hadoop-mapreduce-client/hadoop-mapreduce-client-core/src/main/java/org/apache/hadoop/mapreduce/lib/chain/ChainReduceContextImpl.java:[210,15] [deprecation] getLocalCacheFiles() in JobContext has been deprecated
[WARNING] /home/jenkins/jenkins-home/workspace/hadoop-multibranch_PR-3259/ubuntu-focal/src/hadoop-mapreduce-project/hadoop-mapreduce-client/hadoop-mapreduce-client-core/src/main/java/org/apache/hadoop/mapreduce/lib/chain/ChainReduceContextImpl.java:[294,15] [deprecation] getSymlink() in JobContext has been deprecated
[WARNING] /home/jenkins/jenkins-home/workspace/hadoop-multibranch_PR-3259/ubuntu-focal/src/hadoop-mapreduce-project/hadoop-mapreduce-client/hadoop-mapreduce-client-core/src/main/java/org/apache/hadoop/mapred/ReduceTask.java:[309,34] [deprecation] createWriter(FileSystem,Configuration,Path,Class,Class,CompressionType,Progressable) in SequenceFile has been deprecated
[WARNING] /home/jenkins/jenkins-home/workspace/hadoop-multibranch_PR-3259/ubuntu-focal/src/hadoop-mapreduce-project/hadoop-mapreduce-client/hadoop-mapreduce-client-core/src/main/java/org/apache/hadoop/mapred/MapReduceBase.java:[35,38] [deprecation] Closeable in org.apache.hadoop.io has been deprecated
[WARNING] /home/jenkins/jenkins-home/workspace/hadoop-multibranch_PR-3259/ubuntu-focal/src/hadoop-mapreduce-project/hadoop-mapreduce-client/hadoop-mapreduce-client-core/src/main/java/org/apache/hadoop/mapred/join/WrappedRecordReader.java:[101,17] [deprecation] cloneInto(Writable,Writable) in WritableUtils has been deprecated
[WARNING] /home/jenkins/jenkins-home/workspace/hadoop-multibranch_PR-3259/ubuntu-focal/src/hadoop-mapreduce-project/hadoop-mapreduce-client/hadoop-mapreduce-client-core/src/main/java/org/apache/hadoop/mapred/join/WrappedRecordReader.java:[155,19] [deprecation] cloneInto(Writable,Writable) in WritableUtils has been deprecated
[WARNING] /home/jenkins/jenkins-home/workspace/hadoop-multibranch_PR-3259/ubuntu-focal/src/hadoop-mapreduce-project/hadoop-mapreduce-client/hadoop-mapreduce-client-core/src/main/java/org/apache/hadoop/mapred/join/WrappedRecordReader.java:[156,19] [deprecation] cloneInto(Writable,Writable) in WritableUtils has been deprecated
[WARNING] /home/jenkins/jenkins-home/workspace/hadoop-multibranch_PR-3259/ubuntu-focal/src/hadoop-mapreduce-project/hadoop-mapreduce-client/hadoop-mapreduce-client-core/src/main/java/org/apache/hadoop/mapreduce/lib/map/WrappedMapper.java:[218,18] [deprecation] getLocalCacheFiles() in JobContext has been deprecated
[WARNING] /home/jenkins/jenkins-home/workspace/hadoop-multibranch_PR-3259/ubuntu-focal/src/hadoop-mapreduce-project/hadoop-mapreduce-client/hadoop-mapreduce-client-core/src/main/java/org/apache/hadoop/mapreduce/lib/map/WrappedMapper.java:[213,18] [deprecation] getLocalCacheArchives() in JobContext has been deprecated
[WARNING] /home/jenkins/jenkins-home/workspace/hadoop-multibranch_PR-3259/ubuntu-focal/src/hadoop-mapreduce-project/hadoop-mapreduce-client/hadoop-mapreduce-client-core/src/main/java/org/apache/hadoop/mapreduce/lib/map/WrappedMapper.java:[287,19] [deprecation] getSymlink() in JobContext has been deprecated
[WARNING] /home/jenkins/jenkins-home/workspace/hadoop-multibranch_PR-3259/ubuntu-focal/src/hadoop-mapreduce-project/hadoop-mapreduce-client/hadoop-mapreduce-client-core/src/main/java/org/apache/hadoop/mapreduce/lib/map/WrappedMapper.java:[214,23] [deprecation] getLocalCacheArchives() in JobContext has been deprecated
[WARNING] /home/jenkins/jenkins-home/workspace/hadoop-multibranch_PR-3259/ubuntu-focal/src/hadoop-mapreduce-project/hadoop-mapreduce-client/hadoop-mapreduce-client-core/src/main/java/org/apache/hadoop/mapreduce/lib/map/WrappedMapper.java:[219,23] [deprecation] getLocalCacheFiles() in JobContext has been deprecated
[WARNING] /home/jenkins/jenkins-home/workspace/hadoop-multibranch_PR-3259/ubuntu-focal/src/hadoop-mapreduce-project/hadoop-mapreduce-client/hadoop-mapreduce-client-core/src/main/java/org/apache/hadoop/mapreduce/lib/map/WrappedMapper.java:[288,23] [deprecation] getSymlink() in JobContext has been deprecated
[WARNING] /home/jenkins/jenkins-home/workspace/hadoop-multibranch_PR-3259/ubuntu-focal/src/hadoop-mapreduce-project/hadoop-mapreduce-client/hadoop-mapreduce-client-core/src/main/java/org/apache/hadoop/mapred/pipes/Submitter.java:[490,41] [deprecation] toURL() in File has been deprecated
[WARNING] /home/jenkins/jenkins-home/workspace/hadoop-multibranch_PR-3259/ubuntu-focal/src/hadoop-mapreduce-project/hadoop-mapreduce-client/hadoop-mapreduce-client-core/src/main/java/org/apache/hadoop/mapreduce/lib/chain/ChainMapContextImpl.java:[216,16] [deprecation] getLocalCacheFiles() in JobContext has been deprecated
[WARNING] /home/jenkins/jenkins-home/workspace/hadoop-multibranch_PR-3259/ubuntu-focal/src/hadoop-mapreduce-project/hadoop-mapreduce-client/hadoop-mapreduce-client-core/src/main/java/org/apache/hadoop/mapreduce/lib/chain/ChainMapContextImpl.java:[211,16] [deprecation] getLocalCacheArchives() in JobContext has been deprecated
[WARNING] /home/jenkins/jenkins-home/workspace/hadoop-multibranch_PR-3259/ubuntu-focal/src/hadoop-mapreduce-project/hadoop-mapreduce-client/hadoop-mapreduce-client-core/src/main/java/org/apache/hadoop/mapreduce/lib/chain/ChainMapContextImpl.java:[300,17] [deprecation] getSymlink() in JobContext has been deprecated
[WARNING] /home/jenkins/jenkins-home/workspace/hadoop-multibranch_PR-3259/ubuntu-focal/src/hadoop-mapreduce-project/hadoop-mapreduce-client/hadoop-mapreduce-client-core/src/main/java/org/apache/hadoop/mapreduce/lib/chain/ChainMapContextImpl.java:[212,15] [deprecation] getLocalCacheArchives() in JobContext has been deprecated
[WARNING] /home/jenkins/jenkins-home/workspace/hadoop-multibranch_PR-3259/ubuntu-focal/src/hadoop-mapreduce-project/hadoop-mapreduce-client/hadoop-mapreduce-client-core/src/main/java/org/apache/hadoop/mapreduce/lib/chain/ChainMapContextImpl.java:[217,15] [deprecation] getLocalCacheArchives() in JobContext has been deprecated
[WARNING] /home/jenkins/jenkins-home/workspace/hadoop-multibranch_PR-3259/ubuntu-focal/src/hadoop-mapreduce-project/hadoop-mapreduce-client/hadoop-mapreduce-client-core/src/main/java/org/apache/hadoop/mapreduce/lib/chain/ChainMapContextImpl.java:[301,15] [deprecation] getSymlink() in JobContext has been deprecated
[WARNING] /home/jenkins/jenkins-home/workspace/hadoop-multibranch_PR-3259/ubuntu-focal/src/hadoop-mapreduce-project/hadoop-mapreduce-client/hadoop-mapreduce-client-core/src/main/java/org/apache/hadoop/mapred/SequenceFileAsBinaryInputFormat.java:[66,16] [deprecation] Reader(FileSystem,Path,Configuration) in Reader has been deprecated
[INFO] 
[INFO] --- replacer:1.5.3:replace (replace-test-sources) @ hadoop-mapreduce-client-core ---
[INFO] Skipping
[INFO] 
[INFO] --- maven-resources-plugin:2.6:testResources (default-testResources) @ hadoop-mapreduce-client-core ---
[INFO] Using 'UTF-8' encoding to copy filtered resources.
[INFO] Copying 11 resources
[INFO] 
[INFO] --- replacer:1.5.3:replace (replace-generated-test-sources) @ hadoop-mapreduce-client-core ---
[INFO] Skipping
[INFO] 
[INFO] --- maven-compiler-plugin:3.1:testCompile (default-testCompile) @ hadoop-mapreduce-client-core ---
[INFO] Compiling 80 source files to /home/jenkins/jenkins-home/workspace/hadoop-multibranch_PR-3259/ubuntu-focal/src/hadoop-mapreduce-project/hadoop-mapreduce-client/hadoop-mapreduce-client-core/target/test-classes
[WARNING] /home/jenkins/jenkins-home/workspace/hadoop-multibranch_PR-3259/ubuntu-focal/src/hadoop-mapreduce-project/hadoop-mapreduce-client/hadoop-mapreduce-client-core/src/test/java/org/apache/hadoop/mapreduce/task/reduce/TestMergeManager.java:[47,29] [deprecation] Whitebox in org.apache.hadoop.test has been deprecated
[WARNING] /home/jenkins/jenkins-home/workspace/hadoop-multibranch_PR-3259/ubuntu-focal/src/hadoop-mapreduce-project/hadoop-mapreduce-client/hadoop-mapreduce-client-core/src/test/java/org/apache/hadoop/mapred/TestJobConf.java:[277,29] [deprecation] MAPRED_TASK_MAXVMEM_PROPERTY in JobConf has been deprecated
[WARNING] /home/jenkins/jenkins-home/workspace/hadoop-multibranch_PR-3259/ubuntu-focal/src/hadoop-mapreduce-project/hadoop-mapreduce-client/hadoop-mapreduce-client-core/src/test/java/org/apache/hadoop/mapreduce/filecache/TestDistributedCache.java:[40,6] [deprecation] DistributedCache in org.apache.hadoop.mapreduce.filecache has been deprecated
[WARNING] /home/jenkins/jenkins-home/workspace/hadoop-multibranch_PR-3259/ubuntu-focal/src/hadoop-mapreduce-project/hadoop-mapreduce-client/hadoop-mapreduce-client-core/src/test/java/org/apache/hadoop/mapreduce/filecache/TestDistributedCache.java:[40,22] [deprecation] addFileToClassPath(Path,Configuration) in DistributedCache has been deprecated
[WARNING] /home/jenkins/jenkins-home/workspace/hadoop-multibranch_PR-3259/ubuntu-focal/src/hadoop-mapreduce-project/hadoop-mapreduce-client/hadoop-mapreduce-client-core/src/test/java/org/apache/hadoop/mapreduce/filecache/TestDistributedCache.java:[46,4] [deprecation] DistributedCache in org.apache.hadoop.mapreduce.filecache has been deprecated
[WARNING] /home/jenkins/jenkins-home/workspace/hadoop-multibranch_PR-3259/ubuntu-focal/src/hadoop-mapreduce-project/hadoop-mapreduce-client/hadoop-mapreduce-client-core/src/test/java/org/apache/hadoop/mapreduce/filecache/TestDistributedCache.java:[46,20] [deprecation] addFileToClassPath(Path,Configuration) in DistributedCache has been deprecated
[WARNING] /home/jenkins/jenkins-home/workspace/hadoop-multibranch_PR-3259/ubuntu-focal/src/hadoop-mapreduce-project/hadoop-mapreduce-client/hadoop-mapreduce-client-core/src/test/java/org/apache/hadoop/mapreduce/filecache/TestDistributedCache.java:[52,4] [deprecation] DistributedCache in org.apache.hadoop.mapreduce.filecache has been deprecated
[WARNING] /home/jenkins/jenkins-home/workspace/hadoop-multibranch_PR-3259/ubuntu-focal/src/hadoop-mapreduce-project/hadoop-mapreduce-client/hadoop-mapreduce-client-core/src/test/java/org/apache/hadoop/mapreduce/filecache/TestDistributedCache.java:[52,20] [deprecation] addFileToClassPath(Path,Configuration) in DistributedCache has been deprecated
[WARNING] /home/jenkins/jenkins-home/workspace/hadoop-multibranch_PR-3259/ubuntu-focal/src/hadoop-mapreduce-project/hadoop-mapreduce-client/hadoop-mapreduce-client-core/src/test/java/org/apache/hadoop/mapreduce/filecache/TestDistributedCache.java:[65,6] [deprecation] DistributedCache in org.apache.hadoop.mapreduce.filecache has been deprecated
[WARNING] /home/jenkins/jenkins-home/workspace/hadoop-multibranch_PR-3259/ubuntu-focal/src/hadoop-mapreduce-project/hadoop-mapreduce-client/hadoop-mapreduce-client-core/src/test/java/org/apache/hadoop/mapreduce/filecache/TestDistributedCache.java:[71,4] [deprecation] DistributedCache in org.apache.hadoop.mapreduce.filecache has been deprecated
[WARNING] /home/jenkins/jenkins-home/workspace/hadoop-multibranch_PR-3259/ubuntu-focal/src/hadoop-mapreduce-project/hadoop-mapreduce-client/hadoop-mapreduce-client-core/src/test/java/org/apache/hadoop/mapreduce/filecache/TestDistributedCache.java:[77,4] [deprecation] DistributedCache in org.apache.hadoop.mapreduce.filecache has been deprecated
[WARNING] /home/jenkins/jenkins-home/workspace/hadoop-multibranch_PR-3259/ubuntu-focal/src/hadoop-mapreduce-project/hadoop-mapreduce-client/hadoop-mapreduce-client-core/src/test/java/org/apache/hadoop/mapreduce/filecache/TestDistributedCache.java:[89,6] [deprecation] DistributedCache in org.apache.hadoop.mapreduce.filecache has been deprecated
[WARNING] /home/jenkins/jenkins-home/workspace/hadoop-multibranch_PR-3259/ubuntu-focal/src/hadoop-mapreduce-project/hadoop-mapreduce-client/hadoop-mapreduce-client-core/src/test/java/org/apache/hadoop/mapreduce/filecache/TestDistributedCache.java:[95,4] [deprecation] DistributedCache in org.apache.hadoop.mapreduce.filecache has been deprecated
[WARNING] /home/jenkins/jenkins-home/workspace/hadoop-multibranch_PR-3259/ubuntu-focal/src/hadoop-mapreduce-project/hadoop-mapreduce-client/hadoop-mapreduce-client-core/src/test/java/org/apache/hadoop/mapreduce/filecache/TestDistributedCache.java:[101,4] [deprecation] DistributedCache in org.apache.hadoop.mapreduce.filecache has been deprecated
[WARNING] /home/jenkins/jenkins-home/workspace/hadoop-multibranch_PR-3259/ubuntu-focal/src/hadoop-mapreduce-project/hadoop-mapreduce-client/hadoop-mapreduce-client-core/src/test/java/org/apache/hadoop/mapreduce/filecache/TestDistributedCache.java:[113,6] [deprecation] DistributedCache in org.apache.hadoop.mapreduce.filecache has been deprecated
[WARNING] /home/jenkins/jenkins-home/workspace/hadoop-multibranch_PR-3259/ubuntu-focal/src/hadoop-mapreduce-project/hadoop-mapreduce-client/hadoop-mapreduce-client-core/src/test/java/org/apache/hadoop/mapreduce/filecache/TestDistributedCache.java:[119,4] [deprecation] DistributedCache in org.apache.hadoop.mapreduce.filecache has been deprecated
[WARNING] /home/jenkins/jenkins-home/workspace/hadoop-multibranch_PR-3259/ubuntu-focal/src/hadoop-mapreduce-project/hadoop-mapreduce-client/hadoop-mapreduce-client-core/src/test/java/org/apache/hadoop/mapreduce/filecache/TestDistributedCache.java:[125,4] [deprecation] DistributedCache in org.apache.hadoop.mapreduce.filecache has been deprecated
[WARNING] /home/jenkins/jenkins-home/workspace/hadoop-multibranch_PR-3259/ubuntu-focal/src/hadoop-mapreduce-project/hadoop-mapreduce-client/hadoop-mapreduce-client-core/src/test/java/org/apache/hadoop/mapreduce/lib/output/TestPathOutputCommitter.java:[363,18] [deprecation] getLocalCacheFiles() in JobContext has been deprecated
[WARNING] /home/jenkins/jenkins-home/workspace/hadoop-multibranch_PR-3259/ubuntu-focal/src/hadoop-mapreduce-project/hadoop-mapreduce-client/hadoop-mapreduce-client-core/src/test/java/org/apache/hadoop/mapreduce/lib/output/TestPathOutputCommitter.java:[358,18] [deprecation] getLocalCacheArchives() in JobContext has been deprecated
[WARNING] /home/jenkins/jenkins-home/workspace/hadoop-multibranch_PR-3259/ubuntu-focal/src/hadoop-mapreduce-project/hadoop-mapreduce-client/hadoop-mapreduce-client-core/src/test/java/org/apache/hadoop/mapreduce/lib/output/TestPathOutputCommitter.java:[338,19] [deprecation] getSymlink() in JobContext has been deprecated
[WARNING] /home/jenkins/jenkins-home/workspace/hadoop-multibranch_PR-3259/ubuntu-focal/src/hadoop-mapreduce-project/hadoop-mapreduce-client/hadoop-mapreduce-client-core/src/test/java/org/apache/hadoop/mapreduce/TestTaskID.java:[62,37] [deprecation] isMap() in TaskID has been deprecated
[WARNING] /home/jenkins/jenkins-home/workspace/hadoop-multibranch_PR-3259/ubuntu-focal/src/hadoop-mapreduce-project/hadoop-mapreduce-client/hadoop-mapreduce-client-core/src/test/java/org/apache/hadoop/mapreduce/TestTaskID.java:[65,44] [deprecation] isMap() in TaskID has been deprecated
[WARNING] /home/jenkins/jenkins-home/workspace/hadoop-multibranch_PR-3259/ubuntu-focal/src/hadoop-mapreduce-project/hadoop-mapreduce-client/hadoop-mapreduce-client-core/src/test/java/org/apache/hadoop/mapreduce/TestTaskID.java:[72,28] [deprecation] isMap() in TaskID has been deprecated
[INFO] 
[INFO] --- maven-jar-plugin:2.5:test-jar (default) @ hadoop-mapreduce-client-core ---
[INFO] Building jar: /home/jenkins/jenkins-home/workspace/hadoop-multibranch_PR-3259/ubuntu-focal/src/hadoop-mapreduce-project/hadoop-mapreduce-client/hadoop-mapreduce-client-core/target/hadoop-mapreduce-client-core-3.4.0-SNAPSHOT-tests.jar
[INFO] 
[INFO] --- maven-surefire-plugin:3.0.0-M1:test (default-test) @ hadoop-mapreduce-client-core ---
[INFO] 
[INFO] -------------------------------------------------------
[INFO]  T E S T S
[INFO] -------------------------------------------------------
[INFO] Running org.apache.hadoop.mapreduce.task.reduce.TestFetcher
[INFO] Tests run: 16, Failures: 0, Errors: 0, Skipped: 0, Time elapsed: 3.267 s - in org.apache.hadoop.mapreduce.task.reduce.TestFetcher
[INFO] Running org.apache.hadoop.mapreduce.task.reduce.TestShuffleScheduler
[INFO] Tests run: 4, Failures: 0, Errors: 0, Skipped: 0, Time elapsed: 2.244 s - in org.apache.hadoop.mapreduce.task.reduce.TestShuffleScheduler
[INFO] Running org.apache.hadoop.mapreduce.task.reduce.TestMerger
[INFO] Tests run: 4, Failures: 0, Errors: 0, Skipped: 0, Time elapsed: 2.164 s - in org.apache.hadoop.mapreduce.task.reduce.TestMerger
[INFO] Running org.apache.hadoop.mapreduce.task.reduce.TestEventFetcher
[INFO] Tests run: 1, Failures: 0, Errors: 0, Skipped: 0, Time elapsed: 0.962 s - in org.apache.hadoop.mapreduce.task.reduce.TestEventFetcher
[INFO] Running org.apache.hadoop.mapreduce.task.reduce.TestMergeManager
[INFO] Tests run: 5, Failures: 0, Errors: 0, Skipped: 0, Time elapsed: 2.147 s - in org.apache.hadoop.mapreduce.task.reduce.TestMergeManager
[INFO] Running org.apache.hadoop.mapreduce.task.reduce.TestShuffleClientMetrics
[INFO] Tests run: 1, Failures: 0, Errors: 0, Skipped: 0, Time elapsed: 1.871 s - in org.apache.hadoop.mapreduce.task.reduce.TestShuffleClientMetrics
[INFO] Running org.apache.hadoop.mapreduce.checkpoint.TestFSCheckpointID
[INFO] Tests run: 1, Failures: 0, Errors: 0, Skipped: 0, Time elapsed: 0.192 s - in org.apache.hadoop.mapreduce.checkpoint.TestFSCheckpointID
[INFO] Running org.apache.hadoop.mapreduce.checkpoint.TestFSCheckpointService
[INFO] Tests run: 3, Failures: 0, Errors: 0, Skipped: 0, Time elapsed: 1.591 s - in org.apache.hadoop.mapreduce.checkpoint.TestFSCheckpointService
[INFO] Running org.apache.hadoop.mapreduce.split.TestJobSplitWriterWithEC
[INFO] Tests run: 2, Failures: 0, Errors: 0, Skipped: 0, Time elapsed: 23.221 s - in org.apache.hadoop.mapreduce.split.TestJobSplitWriterWithEC
[INFO] Running org.apache.hadoop.mapreduce.split.TestJobSplitWriter
[INFO] Tests run: 2, Failures: 0, Errors: 0, Skipped: 0, Time elapsed: 0.84 s - in org.apache.hadoop.mapreduce.split.TestJobSplitWriter
[INFO] Running org.apache.hadoop.mapreduce.TestCluster
[INFO] Tests run: 1, Failures: 0, Errors: 0, Skipped: 0, Time elapsed: 1.345 s - in org.apache.hadoop.mapreduce.TestCluster
[INFO] Running org.apache.hadoop.mapreduce.TestJobResourceUploader
[INFO] Tests run: 21, Failures: 0, Errors: 0, Skipped: 0, Time elapsed: 3.218 s - in org.apache.hadoop.mapreduce.TestJobResourceUploader
[INFO] Running org.apache.hadoop.mapreduce.lib.output.TestMapFileOutputFormat
[INFO] Tests run: 1, Failures: 0, Errors: 0, Skipped: 0, Time elapsed: 0.9 s - in org.apache.hadoop.mapreduce.lib.output.TestMapFileOutputFormat
[INFO] Running org.apache.hadoop.mapreduce.lib.output.TestFileOutputCommitter
[INFO] Tests run: 22, Failures: 0, Errors: 0, Skipped: 0, Time elapsed: 3.224 s - in org.apache.hadoop.mapreduce.lib.output.TestFileOutputCommitter
[INFO] Running org.apache.hadoop.mapreduce.lib.output.TestPathOutputCommitterFactory
[INFO] Tests run: 16, Failures: 0, Errors: 0, Skipped: 0, Time elapsed: 1.716 s - in org.apache.hadoop.mapreduce.lib.output.TestPathOutputCommitterFactory
[INFO] Running org.apache.hadoop.mapreduce.lib.output.TestPathOutputCommitter
[INFO] Tests run: 2, Failures: 0, Errors: 0, Skipped: 0, Time elapsed: 0.213 s - in org.apache.hadoop.mapreduce.lib.output.TestPathOutputCommitter
[INFO] Running org.apache.hadoop.mapreduce.lib.output.TestFileOutputFormat
[INFO] Tests run: 2, Failures: 0, Errors: 0, Skipped: 0, Time elapsed: 0.838 s - in org.apache.hadoop.mapreduce.lib.output.TestFileOutputFormat
[INFO] Running org.apache.hadoop.mapreduce.lib.output.committer.manifest.TestJobThroughManifestCommitter
[INFO] Tests run: 19, Failures: 0, Errors: 0, Skipped: 0, Time elapsed: 2.988 s - in org.apache.hadoop.mapreduce.lib.output.committer.manifest.TestJobThroughManifestCommitter
[INFO] Running org.apache.hadoop.mapreduce.lib.output.committer.manifest.TestRenameStageFailure
[INFO] Tests run: 5, Failures: 0, Errors: 0, Skipped: 0, Time elapsed: 1.663 s - in org.apache.hadoop.mapreduce.lib.output.committer.manifest.TestRenameStageFailure
[INFO] Running org.apache.hadoop.mapreduce.lib.output.committer.manifest.TestCreateOutputDirectoriesStage
[INFO] Tests run: 2, Failures: 0, Errors: 0, Skipped: 0, Time elapsed: 1.325 s - in org.apache.hadoop.mapreduce.lib.output.committer.manifest.TestCreateOutputDirectoriesStage
[INFO] Running org.apache.hadoop.mapreduce.lib.output.committer.manifest.TestCommitTaskStage
[INFO] Tests run: 2, Failures: 0, Errors: 0, Skipped: 0, Time elapsed: 1.607 s - in org.apache.hadoop.mapreduce.lib.output.committer.manifest.TestCommitTaskStage
[INFO] Running org.apache.hadoop.mapreduce.lib.output.committer.manifest.TestCleanupStage
[INFO] Tests run: 5, Failures: 0, Errors: 0, Skipped: 0, Time elapsed: 1.84 s - in org.apache.hadoop.mapreduce.lib.output.committer.manifest.TestCleanupStage
[INFO] Running org.apache.hadoop.mapreduce.lib.output.committer.manifest.TestLoadManifestsStage
[INFO] Tests run: 1, Failures: 0, Errors: 0, Skipped: 0, Time elapsed: 2.454 s - in org.apache.hadoop.mapreduce.lib.output.committer.manifest.TestLoadManifestsStage
[INFO] Running org.apache.hadoop.mapreduce.lib.output.committer.manifest.TestManifestCommitProtocol
[INFO] Tests run: 17, Failures: 0, Errors: 0, Skipped: 0, Time elapsed: 4.029 s - in org.apache.hadoop.mapreduce.lib.output.committer.manifest.TestManifestCommitProtocol
[INFO] Running org.apache.hadoop.mapreduce.lib.output.committer.manifest.TestTaskManifestFileIO
[INFO] Tests run: 6, Failures: 0, Errors: 0, Skipped: 0, Time elapsed: 1.544 s - in org.apache.hadoop.mapreduce.lib.output.committer.manifest.TestTaskManifestFileIO
[INFO] Running org.apache.hadoop.mapreduce.lib.output.TestPreemptableFileOutputCommitter
[INFO] Tests run: 1, Failures: 0, Errors: 0, Skipped: 0, Time elapsed: 1.537 s - in org.apache.hadoop.mapreduce.lib.output.TestPreemptableFileOutputCommitter
[INFO] Running org.apache.hadoop.mapreduce.lib.partition.TestRehashPartitioner
[INFO] Tests run: 1, Failures: 0, Errors: 0, Skipped: 0, Time elapsed: 0.208 s - in org.apache.hadoop.mapreduce.lib.partition.TestRehashPartitioner
[INFO] Running org.apache.hadoop.mapreduce.lib.input.TestLineRecordReader
[INFO] Tests run: 12, Failures: 0, Errors: 0, Skipped: 0, Time elapsed: 31.027 s - in org.apache.hadoop.mapreduce.lib.input.TestLineRecordReader
[INFO] Running org.apache.hadoop.mapreduce.lib.input.TestFileInputFormat
[INFO] Tests run: 20, Failures: 0, Errors: 0, Skipped: 0, Time elapsed: 1.902 s - in org.apache.hadoop.mapreduce.lib.input.TestFileInputFormat
[INFO] Running org.apache.hadoop.mapreduce.lib.input.TestCombineFileRecordReader
[INFO] Tests run: 1, Failures: 0, Errors: 0, Skipped: 0, Time elapsed: 1.307 s - in org.apache.hadoop.mapreduce.lib.input.TestCombineFileRecordReader
[INFO] Running org.apache.hadoop.mapreduce.lib.jobcontrol.TestJobControl
[INFO] Tests run: 1, Failures: 0, Errors: 0, Skipped: 0, Time elapsed: 0.654 s - in org.apache.hadoop.mapreduce.lib.jobcontrol.TestJobControl
[INFO] Running org.apache.hadoop.mapreduce.lib.db.TestDbClasses
[INFO] Tests run: 4, Failures: 0, Errors: 0, Skipped: 0, Time elapsed: 1.968 s - in org.apache.hadoop.mapreduce.lib.db.TestDbClasses
[INFO] Running org.apache.hadoop.mapreduce.lib.db.TestSplitters
[INFO] Tests run: 5, Failures: 0, Errors: 0, Skipped: 0, Time elapsed: 1.328 s - in org.apache.hadoop.mapreduce.lib.db.TestSplitters
[INFO] Running org.apache.hadoop.mapreduce.TestJobResourceUploaderWithSharedCache
[INFO] Tests run: 4, Failures: 0, Errors: 0, Skipped: 0, Time elapsed: 23.355 s - in org.apache.hadoop.mapreduce.TestJobResourceUploaderWithSharedCache
[INFO] Running org.apache.hadoop.mapreduce.filecache.TestClientDistributedCacheManager
[INFO] Tests run: 2, Failures: 0, Errors: 0, Skipped: 0, Time elapsed: 1.038 s - in org.apache.hadoop.mapreduce.filecache.TestClientDistributedCacheManager
[INFO] Running org.apache.hadoop.mapreduce.filecache.TestDistributedCache
[INFO] Tests run: 1, Failures: 0, Errors: 0, Skipped: 0, Time elapsed: 0.655 s - in org.apache.hadoop.mapreduce.filecache.TestDistributedCache
[INFO] Running org.apache.hadoop.mapreduce.tools.TestCLI
[INFO] Tests run: 7, Failures: 0, Errors: 0, Skipped: 0, Time elapsed: 21.954 s - in org.apache.hadoop.mapreduce.tools.TestCLI
[INFO] Running org.apache.hadoop.mapreduce.jobhistory.TestHistoryViewerPrinter
[INFO] Tests run: 6, Failures: 0, Errors: 0, Skipped: 0, Time elapsed: 0.581 s - in org.apache.hadoop.mapreduce.jobhistory.TestHistoryViewerPrinter
[INFO] Running org.apache.hadoop.mapreduce.TestJobMonitorAndPrint
[INFO] Tests run: 1, Failures: 0, Errors: 0, Skipped: 0, Time elapsed: 1.848 s - in org.apache.hadoop.mapreduce.TestJobMonitorAndPrint
[INFO] Running org.apache.hadoop.mapreduce.TestJob
[INFO] Tests run: 3, Failures: 0, Errors: 0, Skipped: 0, Time elapsed: 1.554 s - in org.apache.hadoop.mapreduce.TestJob
[INFO] Running org.apache.hadoop.mapreduce.TestTaskID
[INFO] Tests run: 14, Failures: 0, Errors: 0, Skipped: 0, Time elapsed: 0.209 s - in org.apache.hadoop.mapreduce.TestTaskID
[INFO] Running org.apache.hadoop.mapreduce.TestShufflePlugin
[INFO] Tests run: 3, Failures: 0, Errors: 0, Skipped: 0, Time elapsed: 2.626 s - in org.apache.hadoop.mapreduce.TestShufflePlugin
[INFO] Running org.apache.hadoop.mapreduce.TestContextFactory
[INFO] Tests run: 2, Failures: 0, Errors: 0, Skipped: 0, Time elapsed: 0.677 s - in org.apache.hadoop.mapreduce.TestContextFactory
[INFO] Running org.apache.hadoop.mapreduce.security.TestTokenCache
[INFO] Tests run: 6, Failures: 0, Errors: 0, Skipped: 0, Time elapsed: 2.531 s - in org.apache.hadoop.mapreduce.security.TestTokenCache
[INFO] Running org.apache.hadoop.mapreduce.TestJobSubmissionFiles
[INFO] Tests run: 4, Failures: 0, Errors: 0, Skipped: 0, Time elapsed: 2.097 s - in org.apache.hadoop.mapreduce.TestJobSubmissionFiles
[INFO] Running org.apache.hadoop.mapred.TestMapFileOutputFormat
[INFO] Tests run: 1, Failures: 0, Errors: 0, Skipped: 0, Time elapsed: 0.9 s - in org.apache.hadoop.mapred.TestMapFileOutputFormat
[INFO] Running org.apache.hadoop.mapred.TestJobAclsManager
[INFO] Tests run: 4, Failures: 0, Errors: 0, Skipped: 0, Time elapsed: 0.657 s - in org.apache.hadoop.mapred.TestJobAclsManager
[INFO] Running org.apache.hadoop.mapred.TestTaskLog
[INFO] Tests run: 2, Failures: 0, Errors: 0, Skipped: 0, Time elapsed: 1.584 s - in org.apache.hadoop.mapred.TestTaskLog
[INFO] Running org.apache.hadoop.mapred.TestFileOutputCommitter
[INFO] Tests run: 17, Failures: 0, Errors: 0, Skipped: 0, Time elapsed: 1.664 s - in org.apache.hadoop.mapred.TestFileOutputCommitter
[INFO] Running org.apache.hadoop.mapred.TestJobEndNotifier
[INFO] Tests run: 3, Failures: 0, Errors: 0, Skipped: 0, Time elapsed: 5.152 s - in org.apache.hadoop.mapred.TestJobEndNotifier
[INFO] Running org.apache.hadoop.mapred.TestLineRecordReader
[INFO] Tests run: 14, Failures: 0, Errors: 0, Skipped: 0, Time elapsed: 29.37 s - in org.apache.hadoop.mapred.TestLineRecordReader
[INFO] Running org.apache.hadoop.mapred.TestTaskProgressReporter
[INFO] Tests run: 4, Failures: 0, Errors: 0, Skipped: 0, Time elapsed: 45.193 s - in org.apache.hadoop.mapred.TestTaskProgressReporter
[INFO] Running org.apache.hadoop.mapred.TestTaskLogAppender
[INFO] Tests run: 1, Failures: 0, Errors: 0, Skipped: 0, Time elapsed: 0.294 s - in org.apache.hadoop.mapred.TestTaskLogAppender
[INFO] Running org.apache.hadoop.mapred.TestFileInputFormat
[INFO] Tests run: 14, Failures: 0, Errors: 0, Skipped: 0, Time elapsed: 1.768 s - in org.apache.hadoop.mapred.TestFileInputFormat
[INFO] Running org.apache.hadoop.mapred.TestJobConf
[INFO] Tests run: 12, Failures: 0, Errors: 0, Skipped: 0, Time elapsed: 1.147 s - in org.apache.hadoop.mapred.TestJobConf
[INFO] Running org.apache.hadoop.mapred.TestCounters
[INFO] Tests run: 13, Failures: 0, Errors: 0, Skipped: 0, Time elapsed: 0.543 s - in org.apache.hadoop.mapred.TestCounters
[INFO] Running org.apache.hadoop.mapred.TestClock
[INFO] Tests run: 1, Failures: 0, Errors: 0, Skipped: 0, Time elapsed: 0.082 s - in org.apache.hadoop.mapred.TestClock
[INFO] Running org.apache.hadoop.mapred.TestIndexCache
[INFO] Tests run: 5, Failures: 0, Errors: 0, Skipped: 0, Time elapsed: 1.388 s - in org.apache.hadoop.mapred.TestIndexCache
[INFO] Running org.apache.hadoop.mapred.TestSkipBadRecords
[INFO] Tests run: 1, Failures: 0, Errors: 0, Skipped: 0, Time elapsed: 0.457 s - in org.apache.hadoop.mapred.TestSkipBadRecords
[INFO] Running org.apache.hadoop.mapred.lib.TestCombineFileRecordReader
[INFO] Tests run: 1, Failures: 0, Errors: 0, Skipped: 0, Time elapsed: 1.388 s - in org.apache.hadoop.mapred.lib.TestCombineFileRecordReader
[INFO] Running org.apache.hadoop.mapred.lib.db.TestDBInputFormat
[INFO] Tests run: 3, Failures: 0, Errors: 0, Skipped: 0, Time elapsed: 2.441 s - in org.apache.hadoop.mapred.lib.db.TestDBInputFormat
[INFO] Running org.apache.hadoop.mapred.TestMaster
[INFO] Tests run: 1, Failures: 0, Errors: 0, Skipped: 0, Time elapsed: 0.538 s - in org.apache.hadoop.mapred.TestMaster
[INFO] Running org.apache.hadoop.mapred.TestLocatedFileStatusFetcher
[INFO] Tests run: 1, Failures: 0, Errors: 0, Skipped: 0, Time elapsed: 0.763 s - in org.apache.hadoop.mapred.TestLocatedFileStatusFetcher
[INFO] Running org.apache.hadoop.mapred.TestOldMethodsJobID
[INFO] Tests run: 6, Failures: 0, Errors: 0, Skipped: 0, Time elapsed: 0.335 s - in org.apache.hadoop.mapred.TestOldMethodsJobID
[INFO] Running org.apache.hadoop.mapred.TestJobInfo
[INFO] Tests run: 2, Failures: 0, Errors: 0, Skipped: 0, Time elapsed: 0.488 s - in org.apache.hadoop.mapred.TestJobInfo
[INFO] Running org.apache.hadoop.mapred.TestQueue
[INFO] Tests run: 3, Failures: 0, Errors: 0, Skipped: 0, Time elapsed: 1.614 s - in org.apache.hadoop.mapred.TestQueue
[INFO] Running org.apache.hadoop.mapred.TestMapTask
[INFO] Tests run: 1, Failures: 0, Errors: 0, Skipped: 0, Time elapsed: 1.957 s - in org.apache.hadoop.mapred.TestMapTask
[INFO] Running org.apache.hadoop.mapred.TestClusterStatus
[INFO] Tests run: 2, Failures: 0, Errors: 0, Skipped: 0, Time elapsed: 0.085 s - in org.apache.hadoop.mapred.TestClusterStatus
[INFO] Running org.apache.hadoop.mapred.TestTask
[INFO] Tests run: 2, Failures: 0, Errors: 0, Skipped: 0, Time elapsed: 1.178 s - in org.apache.hadoop.mapred.TestTask
[INFO] Running org.apache.hadoop.mapred.TestJobQueueClient
[INFO] Tests run: 1, Failures: 0, Errors: 0, Skipped: 0, Time elapsed: 0.085 s - in org.apache.hadoop.mapred.TestJobQueueClient
[INFO] 
[INFO] Results:
[INFO] 
[INFO] Tests run: 374, Failures: 0, Errors: 0, Skipped: 0
[INFO] 
[INFO] ------------------------------------------------------------------------
[INFO] BUILD SUCCESS
[INFO] ------------------------------------------------------------------------
[INFO] Total time:  05:49 min
[INFO] Finished at: 2022-04-11T17:14:24Z
[INFO] ------------------------------------------------------------------------
[WARNING] The requested profile "parallel-tests" could not be activated because it does not exist.
[WARNING] The requested profile "native" could not be activated because it does not exist.
[WARNING] The requested profile "yarn-ui" could not be activated because it does not exist.
