Mon 11 Apr 2022 05:16:13 PM UTC
cd /home/jenkins/jenkins-home/workspace/hadoop-multibranch_PR-3259/ubuntu-focal/src/hadoop-mapreduce-project/hadoop-mapreduce-client/hadoop-mapreduce-client-jobclient
/usr/bin/mvn --batch-mode -Dmaven.repo.local=/home/jenkins/jenkins-home/workspace/hadoop-multibranch_PR-3259/yetus-m2/hadoop-trunk-patch-0 -Ptest-patch -Dsurefire.rerunFailingTestsCount=2 -Pparallel-tests -P!shelltest -Pnative -Drequire.fuse -Drequire.openssl -Drequire.snappy -Drequire.valgrind -Drequire.zstd -Drequire.test.libhadoop -Pyarn-ui clean test -fae
[INFO] Scanning for projects...
[INFO] ------------------------------------------------------------------------
[INFO] Detecting the operating system and CPU architecture
[INFO] ------------------------------------------------------------------------
[INFO] os.detected.name: linux
[INFO] os.detected.arch: x86_64
[INFO] os.detected.version: 4.15
[INFO] os.detected.version.major: 4
[INFO] os.detected.version.minor: 15
[INFO] os.detected.release: ubuntu
[INFO] os.detected.release.version: 20.04
[INFO] os.detected.release.like.ubuntu: true
[INFO] os.detected.release.like.debian: true
[INFO] os.detected.classifier: linux-x86_64
[INFO] 
[INFO] --------< org.apache.hadoop:hadoop-mapreduce-client-jobclient >---------
[INFO] Building Apache Hadoop MapReduce JobClient 3.4.0-SNAPSHOT
[INFO] --------------------------------[ jar ]---------------------------------
[INFO] 
[INFO] --- maven-clean-plugin:3.1.0:clean (default-clean) @ hadoop-mapreduce-client-jobclient ---
[INFO] Deleting /home/jenkins/jenkins-home/workspace/hadoop-multibranch_PR-3259/ubuntu-focal/src/hadoop-mapreduce-project/hadoop-mapreduce-client/hadoop-mapreduce-client-jobclient/target
[INFO] Deleting /home/jenkins/jenkins-home/workspace/hadoop-multibranch_PR-3259/ubuntu-focal/src/hadoop-mapreduce-project/hadoop-mapreduce-client/hadoop-mapreduce-client-jobclient (includes = [dependency-reduced-pom.xml], excludes = [])
[INFO] 
[INFO] --- maven-antrun-plugin:1.7:run (create-testdirs) @ hadoop-mapreduce-client-jobclient ---
[INFO] Executing tasks

main:
    [mkdir] Created dir: /home/jenkins/jenkins-home/workspace/hadoop-multibranch_PR-3259/ubuntu-focal/src/hadoop-mapreduce-project/hadoop-mapreduce-client/hadoop-mapreduce-client-jobclient/target/test-dir
[INFO] Executed tasks
[INFO] 
[INFO] --- maven-enforcer-plugin:3.0.0:enforce (banned-illegal-imports) @ hadoop-mapreduce-client-jobclient ---
[INFO] 
[INFO] --- replacer:1.5.3:replace (replace-generated-sources) @ hadoop-mapreduce-client-jobclient ---
[INFO] Skipping
[INFO] 
[INFO] --- replacer:1.5.3:replace (replace-sources) @ hadoop-mapreduce-client-jobclient ---
[INFO] Skipping
[INFO] 
[INFO] --- replacer:1.5.3:replace (replace-guava) @ hadoop-mapreduce-client-jobclient ---
[INFO] Replacement run on 304 files.
[INFO] 
[INFO] --- maven-resources-plugin:2.6:resources (default-resources) @ hadoop-mapreduce-client-jobclient ---
[INFO] Using 'UTF-8' encoding to copy filtered resources.
[INFO] Copying 1 resource
[INFO] 
[INFO] --- maven-compiler-plugin:3.1:compile (default-compile) @ hadoop-mapreduce-client-jobclient ---
[INFO] Compiling 6 source files to /home/jenkins/jenkins-home/workspace/hadoop-multibranch_PR-3259/ubuntu-focal/src/hadoop-mapreduce-project/hadoop-mapreduce-client/hadoop-mapreduce-client-jobclient/target/classes
[INFO] 
[INFO] --- replacer:1.5.3:replace (replace-test-sources) @ hadoop-mapreduce-client-jobclient ---
[INFO] Skipping
[INFO] 
[INFO] --- maven-resources-plugin:2.6:testResources (default-testResources) @ hadoop-mapreduce-client-jobclient ---
[INFO] Using 'UTF-8' encoding to copy filtered resources.
[INFO] Copying 9 resources
[INFO] 
[INFO] --- replacer:1.5.3:replace (replace-generated-test-sources) @ hadoop-mapreduce-client-jobclient ---
[INFO] Skipping
[INFO] 
[INFO] --- maven-compiler-plugin:3.1:testCompile (default-testCompile) @ hadoop-mapreduce-client-jobclient ---
[INFO] Compiling 298 source files to /home/jenkins/jenkins-home/workspace/hadoop-multibranch_PR-3259/ubuntu-focal/src/hadoop-mapreduce-project/hadoop-mapreduce-client/hadoop-mapreduce-client-jobclient/target/test-classes
[WARNING] /home/jenkins/jenkins-home/workspace/hadoop-multibranch_PR-3259/ubuntu-focal/src/hadoop-mapreduce-project/hadoop-mapreduce-client/hadoop-mapreduce-client-jobclient/src/test/java/org/apache/hadoop/mapreduce/security/token/delegation/TestDelegationToken.java:[25,31] [deprecation] MiniMRCluster in org.apache.hadoop.mapred has been deprecated
[WARNING] /home/jenkins/jenkins-home/workspace/hadoop-multibranch_PR-3259/ubuntu-focal/src/hadoop-mapreduce-project/hadoop-mapreduce-client/hadoop-mapreduce-client-jobclient/src/test/java/org/apache/hadoop/mapreduce/v2/TestMROldApiJobs.java:[42,44] [deprecation] DistributedCache in org.apache.hadoop.mapreduce.filecache has been deprecated
[WARNING] /home/jenkins/jenkins-home/workspace/hadoop-multibranch_PR-3259/ubuntu-focal/src/hadoop-mapreduce-project/hadoop-mapreduce-client/hadoop-mapreduce-client-jobclient/src/test/java/org/apache/hadoop/mapreduce/v2/TestMiniMRProxyUser.java:[27,31] [deprecation] MiniMRCluster in org.apache.hadoop.mapred has been deprecated
[WARNING] /home/jenkins/jenkins-home/workspace/hadoop-multibranch_PR-3259/ubuntu-focal/src/hadoop-mapreduce-project/hadoop-mapreduce-client/hadoop-mapreduce-client-jobclient/src/test/java/org/apache/hadoop/mapred/pipes/TestPipes.java:[37,31] [deprecation] MiniMRCluster in org.apache.hadoop.mapred has been deprecated
[WARNING] /home/jenkins/jenkins-home/workspace/hadoop-multibranch_PR-3259/ubuntu-focal/src/hadoop-mapreduce-project/hadoop-mapreduce-client/hadoop-mapreduce-client-jobclient/src/test/java/org/apache/hadoop/mapreduce/TestMapReduceLazyOutput.java:[36,31] [deprecation] MiniMRCluster in org.apache.hadoop.mapred has been deprecated
[WARNING] /home/jenkins/jenkins-home/workspace/hadoop-multibranch_PR-3259/ubuntu-focal/src/hadoop-mapreduce-project/hadoop-mapreduce-client/hadoop-mapreduce-client-jobclient/src/test/java/org/apache/hadoop/mapreduce/v2/TestNonExistentJob.java:[27,31] [deprecation] MiniMRCluster in org.apache.hadoop.mapred has been deprecated
[WARNING] /home/jenkins/jenkins-home/workspace/hadoop-multibranch_PR-3259/ubuntu-focal/src/hadoop-mapreduce-project/hadoop-mapreduce-client/hadoop-mapreduce-client-jobclient/src/test/java/org/apache/hadoop/mapred/SortValidator.java:[376,36] [deprecation] Reader(FileSystem,Path,Configuration) in Reader has been deprecated
[WARNING] /home/jenkins/jenkins-home/workspace/hadoop-multibranch_PR-3259/ubuntu-focal/src/hadoop-mapreduce-project/hadoop-mapreduce-client/hadoop-mapreduce-client-jobclient/src/test/java/org/apache/hadoop/mapred/UtilsForTests.java:[512,18] [deprecation] createWriter(FileSystem,Configuration,Path,Class,Class,CompressionType) in SequenceFile has been deprecated
[WARNING] /home/jenkins/jenkins-home/workspace/hadoop-multibranch_PR-3259/ubuntu-focal/src/hadoop-mapreduce-project/hadoop-mapreduce-client/hadoop-mapreduce-client-jobclient/src/test/java/org/apache/hadoop/mapreduce/lib/join/TestJoinProperties.java:[74,15] [deprecation] Writer(FileSystem,Configuration,Path,Class,Class) in Writer has been deprecated
[WARNING] /home/jenkins/jenkins-home/workspace/hadoop-multibranch_PR-3259/ubuntu-focal/src/hadoop-mapreduce-project/hadoop-mapreduce-client/hadoop-mapreduce-client-jobclient/src/test/java/org/apache/hadoop/mapreduce/lib/join/TestJoinProperties.java:[77,20] [deprecation] Writer(FileSystem,Configuration,Path,Class,Class) in Writer has been deprecated
[WARNING] /home/jenkins/jenkins-home/workspace/hadoop-multibranch_PR-3259/ubuntu-focal/src/hadoop-mapreduce-project/hadoop-mapreduce-client/hadoop-mapreduce-client-jobclient/src/test/java/org/apache/hadoop/mapred/HadoopTestCase.java:[133,10] [deprecation] MiniMRCluster in org.apache.hadoop.mapred has been deprecated
[WARNING] /home/jenkins/jenkins-home/workspace/hadoop-multibranch_PR-3259/ubuntu-focal/src/hadoop-mapreduce-project/hadoop-mapreduce-client/hadoop-mapreduce-client-jobclient/src/test/java/org/apache/hadoop/mapred/HadoopTestCase.java:[156,22] [deprecation] MiniMRCluster in org.apache.hadoop.mapred has been deprecated
[WARNING] /home/jenkins/jenkins-home/workspace/hadoop-multibranch_PR-3259/ubuntu-focal/src/hadoop-mapreduce-project/hadoop-mapreduce-client/hadoop-mapreduce-client-jobclient/src/test/java/org/apache/hadoop/mapred/TestMultipleLevelCaching.java:[85,4] [deprecation] MiniMRCluster in org.apache.hadoop.mapred has been deprecated
[WARNING] /home/jenkins/jenkins-home/workspace/hadoop-multibranch_PR-3259/ubuntu-focal/src/hadoop-mapreduce-project/hadoop-mapreduce-client/hadoop-mapreduce-client-jobclient/src/test/java/org/apache/hadoop/mapred/TestMultipleLevelCaching.java:[115,15] [deprecation] MiniMRCluster in org.apache.hadoop.mapred has been deprecated
[WARNING] /home/jenkins/jenkins-home/workspace/hadoop-multibranch_PR-3259/ubuntu-focal/src/hadoop-mapreduce-project/hadoop-mapreduce-client/hadoop-mapreduce-client-jobclient/src/test/java/org/apache/hadoop/mapred/TestMultipleLevelCaching.java:[150,55] [deprecation] MiniMRCluster in org.apache.hadoop.mapred has been deprecated
[WARNING] /home/jenkins/jenkins-home/workspace/hadoop-multibranch_PR-3259/ubuntu-focal/src/hadoop-mapreduce-project/hadoop-mapreduce-client/hadoop-mapreduce-client-jobclient/src/test/java/org/apache/hadoop/mapreduce/TestChild.java:[65,42] [deprecation] MAPRED_TASK_JAVA_OPTS in JobConf has been deprecated
[WARNING] /home/jenkins/jenkins-home/workspace/hadoop-multibranch_PR-3259/ubuntu-focal/src/hadoop-mapreduce-project/hadoop-mapreduce-client/hadoop-mapreduce-client-jobclient/src/test/java/org/apache/hadoop/mapreduce/TestChild.java:[66,29] [deprecation] MAPRED_TASK_JAVA_OPTS in JobConf has been deprecated
[WARNING] /home/jenkins/jenkins-home/workspace/hadoop-multibranch_PR-3259/ubuntu-focal/src/hadoop-mapreduce-project/hadoop-mapreduce-client/hadoop-mapreduce-client-jobclient/src/test/java/org/apache/hadoop/mapreduce/TestChild.java:[68,28] [deprecation] MAPRED_TASK_JAVA_OPTS in JobConf has been deprecated
[WARNING] /home/jenkins/jenkins-home/workspace/hadoop-multibranch_PR-3259/ubuntu-focal/src/hadoop-mapreduce-project/hadoop-mapreduce-client/hadoop-mapreduce-client-jobclient/src/test/java/org/apache/hadoop/mapreduce/TestChild.java:[97,42] [deprecation] MAPRED_TASK_JAVA_OPTS in JobConf has been deprecated
[WARNING] /home/jenkins/jenkins-home/workspace/hadoop-multibranch_PR-3259/ubuntu-focal/src/hadoop-mapreduce-project/hadoop-mapreduce-client/hadoop-mapreduce-client-jobclient/src/test/java/org/apache/hadoop/mapreduce/TestChild.java:[98,29] [deprecation] MAPRED_TASK_JAVA_OPTS in JobConf has been deprecated
[WARNING] /home/jenkins/jenkins-home/workspace/hadoop-multibranch_PR-3259/ubuntu-focal/src/hadoop-mapreduce-project/hadoop-mapreduce-client/hadoop-mapreduce-client-jobclient/src/test/java/org/apache/hadoop/mapreduce/TestChild.java:[100,28] [deprecation] MAPRED_TASK_JAVA_OPTS in JobConf has been deprecated
[WARNING] /home/jenkins/jenkins-home/workspace/hadoop-multibranch_PR-3259/ubuntu-focal/src/hadoop-mapreduce-project/hadoop-mapreduce-client/hadoop-mapreduce-client-jobclient/src/test/java/org/apache/hadoop/mapreduce/TestChild.java:[125,22] [deprecation] MAPRED_TASK_JAVA_OPTS in JobConf has been deprecated
[WARNING] /home/jenkins/jenkins-home/workspace/hadoop-multibranch_PR-3259/ubuntu-focal/src/hadoop-mapreduce-project/hadoop-mapreduce-client/hadoop-mapreduce-client-jobclient/src/test/java/org/apache/hadoop/mapreduce/lib/output/TestMRMultipleOutputs.java:[230,6] [deprecation] Reader(FileSystem,Path,Configuration) in Reader has been deprecated
[WARNING] /home/jenkins/jenkins-home/workspace/hadoop-multibranch_PR-3259/ubuntu-focal/src/hadoop-mapreduce-project/hadoop-mapreduce-client/hadoop-mapreduce-client-jobclient/src/test/java/org/apache/hadoop/mapreduce/security/token/delegation/TestDelegationToken.java:[38,10] [deprecation] MiniMRCluster in org.apache.hadoop.mapred has been deprecated
[WARNING] /home/jenkins/jenkins-home/workspace/hadoop-multibranch_PR-3259/ubuntu-focal/src/hadoop-mapreduce-project/hadoop-mapreduce-client/hadoop-mapreduce-client-jobclient/src/test/java/org/apache/hadoop/mapreduce/security/token/delegation/TestDelegationToken.java:[48,18] [deprecation] MiniMRCluster in org.apache.hadoop.mapred has been deprecated
[WARNING] /home/jenkins/jenkins-home/workspace/hadoop-multibranch_PR-3259/ubuntu-focal/src/hadoop-mapreduce-project/hadoop-mapreduce-client/hadoop-mapreduce-client-jobclient/src/test/java/org/apache/hadoop/mapred/TestSpecialCharactersInOutputPath.java:[103,4] [deprecation] MiniMRCluster in org.apache.hadoop.mapred has been deprecated
[WARNING] /home/jenkins/jenkins-home/workspace/hadoop-multibranch_PR-3259/ubuntu-focal/src/hadoop-mapreduce-project/hadoop-mapreduce-client/hadoop-mapreduce-client-jobclient/src/test/java/org/apache/hadoop/mapred/TestSpecialCharactersInOutputPath.java:[112,15] [deprecation] MiniMRCluster in org.apache.hadoop.mapred has been deprecated
[WARNING] /home/jenkins/jenkins-home/workspace/hadoop-multibranch_PR-3259/ubuntu-focal/src/hadoop-mapreduce-project/hadoop-mapreduce-client/hadoop-mapreduce-client-jobclient/src/test/java/org/apache/hadoop/mapred/TestComparators.java:[341,45] [deprecation] createWriter(FileSystem,Configuration,Path,Class,Class) in SequenceFile has been deprecated
[WARNING] /home/jenkins/jenkins-home/workspace/hadoop-multibranch_PR-3259/ubuntu-focal/src/hadoop-mapreduce-project/hadoop-mapreduce-client/hadoop-mapreduce-client-jobclient/src/test/java/org/apache/hadoop/mapred/TestComparators.java:[348,25] [deprecation] createWriter(FileSystem,Configuration,Path,Class,Class) in SequenceFile has been deprecated
[WARNING] /home/jenkins/jenkins-home/workspace/hadoop-multibranch_PR-3259/ubuntu-focal/src/hadoop-mapreduce-project/hadoop-mapreduce-client/hadoop-mapreduce-client-jobclient/src/test/java/org/apache/hadoop/mapred/TestSequenceFileAsTextInputFormat.java:[68,20] [deprecation] createWriter(FileSystem,Configuration,Path,Class,Class) in SequenceFile has been deprecated
[WARNING] /home/jenkins/jenkins-home/workspace/hadoop-multibranch_PR-3259/ubuntu-focal/src/hadoop-mapreduce-project/hadoop-mapreduce-client/hadoop-mapreduce-client-jobclient/src/test/java/org/apache/hadoop/mapred/TestCommandLineJobSubmission.java:[49,4] [deprecation] MiniMRCluster in org.apache.hadoop.mapred has been deprecated
[WARNING] /home/jenkins/jenkins-home/workspace/hadoop-multibranch_PR-3259/ubuntu-focal/src/hadoop-mapreduce-project/hadoop-mapreduce-client/hadoop-mapreduce-client-jobclient/src/test/java/org/apache/hadoop/mapred/TestCommandLineJobSubmission.java:[60,15] [deprecation] MiniMRCluster in org.apache.hadoop.mapred has been deprecated
[WARNING] /home/jenkins/jenkins-home/workspace/hadoop-multibranch_PR-3259/ubuntu-focal/src/hadoop-mapreduce-project/hadoop-mapreduce-client/hadoop-mapreduce-client-jobclient/src/test/java/org/apache/hadoop/mapreduce/filecache/TestURIFragments.java:[33,15] [deprecation] DistributedCache in org.apache.hadoop.mapreduce.filecache has been deprecated
[WARNING] /home/jenkins/jenkins-home/workspace/hadoop-multibranch_PR-3259/ubuntu-focal/src/hadoop-mapreduce-project/hadoop-mapreduce-client/hadoop-mapreduce-client-jobclient/src/test/java/org/apache/hadoop/mapreduce/filecache/TestURIFragments.java:[36,16] [deprecation] DistributedCache in org.apache.hadoop.mapreduce.filecache has been deprecated
[WARNING] /home/jenkins/jenkins-home/workspace/hadoop-multibranch_PR-3259/ubuntu-focal/src/hadoop-mapreduce-project/hadoop-mapreduce-client/hadoop-mapreduce-client-jobclient/src/test/java/org/apache/hadoop/mapreduce/filecache/TestURIFragments.java:[38,16] [deprecation] DistributedCache in org.apache.hadoop.mapreduce.filecache has been deprecated
[WARNING] /home/jenkins/jenkins-home/workspace/hadoop-multibranch_PR-3259/ubuntu-focal/src/hadoop-mapreduce-project/hadoop-mapreduce-client/hadoop-mapreduce-client-jobclient/src/test/java/org/apache/hadoop/mapreduce/filecache/TestURIFragments.java:[40,16] [deprecation] DistributedCache in org.apache.hadoop.mapreduce.filecache has been deprecated
[WARNING] /home/jenkins/jenkins-home/workspace/hadoop-multibranch_PR-3259/ubuntu-focal/src/hadoop-mapreduce-project/hadoop-mapreduce-client/hadoop-mapreduce-client-jobclient/src/test/java/org/apache/hadoop/mapreduce/filecache/TestURIFragments.java:[43,16] [deprecation] DistributedCache in org.apache.hadoop.mapreduce.filecache has been deprecated
[WARNING] /home/jenkins/jenkins-home/workspace/hadoop-multibranch_PR-3259/ubuntu-focal/src/hadoop-mapreduce-project/hadoop-mapreduce-client/hadoop-mapreduce-client-jobclient/src/test/java/org/apache/hadoop/mapreduce/filecache/TestURIFragments.java:[46,16] [deprecation] DistributedCache in org.apache.hadoop.mapreduce.filecache has been deprecated
[WARNING] /home/jenkins/jenkins-home/workspace/hadoop-multibranch_PR-3259/ubuntu-focal/src/hadoop-mapreduce-project/hadoop-mapreduce-client/hadoop-mapreduce-client-jobclient/src/test/java/org/apache/hadoop/mapreduce/filecache/TestURIFragments.java:[51,16] [deprecation] DistributedCache in org.apache.hadoop.mapreduce.filecache has been deprecated
[WARNING] /home/jenkins/jenkins-home/workspace/hadoop-multibranch_PR-3259/ubuntu-focal/src/hadoop-mapreduce-project/hadoop-mapreduce-client/hadoop-mapreduce-client-jobclient/src/test/java/org/apache/hadoop/mapreduce/filecache/TestURIFragments.java:[54,16] [deprecation] DistributedCache in org.apache.hadoop.mapreduce.filecache has been deprecated
[WARNING] /home/jenkins/jenkins-home/workspace/hadoop-multibranch_PR-3259/ubuntu-focal/src/hadoop-mapreduce-project/hadoop-mapreduce-client/hadoop-mapreduce-client-jobclient/src/test/java/org/apache/hadoop/mapreduce/filecache/TestURIFragments.java:[57,16] [deprecation] DistributedCache in org.apache.hadoop.mapreduce.filecache has been deprecated
[WARNING] /home/jenkins/jenkins-home/workspace/hadoop-multibranch_PR-3259/ubuntu-focal/src/hadoop-mapreduce-project/hadoop-mapreduce-client/hadoop-mapreduce-client-jobclient/src/test/java/org/apache/hadoop/mapreduce/filecache/TestURIFragments.java:[60,16] [deprecation] DistributedCache in org.apache.hadoop.mapreduce.filecache has been deprecated
[WARNING] /home/jenkins/jenkins-home/workspace/hadoop-multibranch_PR-3259/ubuntu-focal/src/hadoop-mapreduce-project/hadoop-mapreduce-client/hadoop-mapreduce-client-jobclient/src/test/java/org/apache/hadoop/mapreduce/filecache/TestURIFragments.java:[65,16] [deprecation] DistributedCache in org.apache.hadoop.mapreduce.filecache has been deprecated
[WARNING] /home/jenkins/jenkins-home/workspace/hadoop-multibranch_PR-3259/ubuntu-focal/src/hadoop-mapreduce-project/hadoop-mapreduce-client/hadoop-mapreduce-client-jobclient/src/test/java/org/apache/hadoop/mapreduce/filecache/TestURIFragments.java:[70,16] [deprecation] DistributedCache in org.apache.hadoop.mapreduce.filecache has been deprecated
[WARNING] /home/jenkins/jenkins-home/workspace/hadoop-multibranch_PR-3259/ubuntu-focal/src/hadoop-mapreduce-project/hadoop-mapreduce-client/hadoop-mapreduce-client-jobclient/src/test/java/org/apache/hadoop/mapreduce/filecache/TestURIFragments.java:[77,16] [deprecation] DistributedCache in org.apache.hadoop.mapreduce.filecache has been deprecated
[WARNING] /home/jenkins/jenkins-home/workspace/hadoop-multibranch_PR-3259/ubuntu-focal/src/hadoop-mapreduce-project/hadoop-mapreduce-client/hadoop-mapreduce-client-jobclient/src/test/java/org/apache/hadoop/mapreduce/filecache/TestURIFragments.java:[80,16] [deprecation] DistributedCache in org.apache.hadoop.mapreduce.filecache has been deprecated
[WARNING] /home/jenkins/jenkins-home/workspace/hadoop-multibranch_PR-3259/ubuntu-focal/src/hadoop-mapreduce-project/hadoop-mapreduce-client/hadoop-mapreduce-client-jobclient/src/test/java/org/apache/hadoop/mapreduce/filecache/TestURIFragments.java:[83,16] [deprecation] DistributedCache in org.apache.hadoop.mapreduce.filecache has been deprecated
[WARNING] /home/jenkins/jenkins-home/workspace/hadoop-multibranch_PR-3259/ubuntu-focal/src/hadoop-mapreduce-project/hadoop-mapreduce-client/hadoop-mapreduce-client-jobclient/src/test/java/org/apache/hadoop/mapreduce/filecache/TestURIFragments.java:[86,16] [deprecation] DistributedCache in org.apache.hadoop.mapreduce.filecache has been deprecated
[WARNING] /home/jenkins/jenkins-home/workspace/hadoop-multibranch_PR-3259/ubuntu-focal/src/hadoop-mapreduce-project/hadoop-mapreduce-client/hadoop-mapreduce-client-jobclient/src/test/java/org/apache/hadoop/mapreduce/filecache/TestURIFragments.java:[91,16] [deprecation] DistributedCache in org.apache.hadoop.mapreduce.filecache has been deprecated
[WARNING] /home/jenkins/jenkins-home/workspace/hadoop-multibranch_PR-3259/ubuntu-focal/src/hadoop-mapreduce-project/hadoop-mapreduce-client/hadoop-mapreduce-client-jobclient/src/test/java/org/apache/hadoop/mapreduce/filecache/TestURIFragments.java:[96,16] [deprecation] DistributedCache in org.apache.hadoop.mapreduce.filecache has been deprecated
[WARNING] /home/jenkins/jenkins-home/workspace/hadoop-multibranch_PR-3259/ubuntu-focal/src/hadoop-mapreduce-project/hadoop-mapreduce-client/hadoop-mapreduce-client-jobclient/src/test/java/org/apache/hadoop/mapreduce/filecache/TestURIFragments.java:[103,15] [deprecation] DistributedCache in org.apache.hadoop.mapreduce.filecache has been deprecated
[WARNING] /home/jenkins/jenkins-home/workspace/hadoop-multibranch_PR-3259/ubuntu-focal/src/hadoop-mapreduce-project/hadoop-mapreduce-client/hadoop-mapreduce-client-jobclient/src/test/java/org/apache/hadoop/mapreduce/filecache/TestURIFragments.java:[106,15] [deprecation] DistributedCache in org.apache.hadoop.mapreduce.filecache has been deprecated
[WARNING] /home/jenkins/jenkins-home/workspace/hadoop-multibranch_PR-3259/ubuntu-focal/src/hadoop-mapreduce-project/hadoop-mapreduce-client/hadoop-mapreduce-client-jobclient/src/test/java/org/apache/hadoop/mapreduce/filecache/TestURIFragments.java:[109,15] [deprecation] DistributedCache in org.apache.hadoop.mapreduce.filecache has been deprecated
[WARNING] /home/jenkins/jenkins-home/workspace/hadoop-multibranch_PR-3259/ubuntu-focal/src/hadoop-mapreduce-project/hadoop-mapreduce-client/hadoop-mapreduce-client-jobclient/src/test/java/org/apache/hadoop/mapreduce/lib/input/TestMRSequenceFileAsBinaryInputFormat.java:[62,33] [deprecation] Writer(FileSystem,Configuration,Path,Class,Class) in Writer has been deprecated
[WARNING] /home/jenkins/jenkins-home/workspace/hadoop-multibranch_PR-3259/ubuntu-focal/src/hadoop-mapreduce-project/hadoop-mapreduce-client/hadoop-mapreduce-client-jobclient/src/test/java/org/apache/hadoop/mapreduce/TestMapReduce.java:[266,18] [deprecation] createWriter(FileSystem,Configuration,Path,Class,Class,CompressionType) in SequenceFile has been deprecated
[WARNING] /home/jenkins/jenkins-home/workspace/hadoop-multibranch_PR-3259/ubuntu-focal/src/hadoop-mapreduce-project/hadoop-mapreduce-client/hadoop-mapreduce-client-jobclient/src/test/java/org/apache/hadoop/mapreduce/TestMapReduce.java:[390,29] [deprecation] Reader(FileSystem,Path,Configuration) in Reader has been deprecated
[WARNING] /home/jenkins/jenkins-home/workspace/hadoop-multibranch_PR-3259/ubuntu-focal/src/hadoop-mapreduce-project/hadoop-mapreduce-client/hadoop-mapreduce-client-jobclient/src/test/java/org/apache/hadoop/mapreduce/TestMapReduce.java:[455,28] [deprecation] Reader(FileSystem,Path,Configuration) in Reader has been deprecated
[WARNING] /home/jenkins/jenkins-home/workspace/hadoop-multibranch_PR-3259/ubuntu-focal/src/hadoop-mapreduce-project/hadoop-mapreduce-client/hadoop-mapreduce-client-jobclient/src/test/java/org/apache/hadoop/mapred/TestMiniMRClasspath.java:[165,4] [deprecation] MiniMRCluster in org.apache.hadoop.mapred has been deprecated
[WARNING] /home/jenkins/jenkins-home/workspace/hadoop-multibranch_PR-3259/ubuntu-focal/src/hadoop-mapreduce-project/hadoop-mapreduce-client/hadoop-mapreduce-client-jobclient/src/test/java/org/apache/hadoop/mapred/TestMiniMRClasspath.java:[175,15] [deprecation] MiniMRCluster in org.apache.hadoop.mapred has been deprecated
[WARNING] /home/jenkins/jenkins-home/workspace/hadoop-multibranch_PR-3259/ubuntu-focal/src/hadoop-mapreduce-project/hadoop-mapreduce-client/hadoop-mapreduce-client-jobclient/src/test/java/org/apache/hadoop/mapred/TestMiniMRClasspath.java:[196,4] [deprecation] MiniMRCluster in org.apache.hadoop.mapred has been deprecated
[WARNING] /home/jenkins/jenkins-home/workspace/hadoop-multibranch_PR-3259/ubuntu-focal/src/hadoop-mapreduce-project/hadoop-mapreduce-client/hadoop-mapreduce-client-jobclient/src/test/java/org/apache/hadoop/mapred/TestMiniMRClasspath.java:[207,15] [deprecation] MiniMRCluster in org.apache.hadoop.mapred has been deprecated
[WARNING] /home/jenkins/jenkins-home/workspace/hadoop-multibranch_PR-3259/ubuntu-focal/src/hadoop-mapreduce-project/hadoop-mapreduce-client/hadoop-mapreduce-client-jobclient/src/test/java/org/apache/hadoop/mapred/ReliabilityTest.java:[229,14] [deprecation] getJobID() in RunningJob has been deprecated
[WARNING] /home/jenkins/jenkins-home/workspace/hadoop-multibranch_PR-3259/ubuntu-focal/src/hadoop-mapreduce-project/hadoop-mapreduce-client/hadoop-mapreduce-client-jobclient/src/test/java/org/apache/hadoop/mapred/TestSequenceFileAsBinaryInputFormat.java:[57,6] [deprecation] Writer(FileSystem,Configuration,Path,Class,Class) in Writer has been deprecated
[WARNING] /home/jenkins/jenkins-home/workspace/hadoop-multibranch_PR-3259/ubuntu-focal/src/hadoop-mapreduce-project/hadoop-mapreduce-client/hadoop-mapreduce-client-jobclient/src/test/java/org/apache/hadoop/mapreduce/v2/TestMRJobs.java:[760,51] [deprecation] SLOTS_MILLIS_MAPS in JobCounter has been deprecated
[WARNING] /home/jenkins/jenkins-home/workspace/hadoop-multibranch_PR-3259/ubuntu-focal/src/hadoop-mapreduce-project/hadoop-mapreduce-client/hadoop-mapreduce-client-jobclient/src/test/java/org/apache/hadoop/mapreduce/v2/TestMRJobs.java:[761,46] [deprecation] SLOTS_MILLIS_MAPS in JobCounter has been deprecated
[WARNING] /home/jenkins/jenkins-home/workspace/hadoop-multibranch_PR-3259/ubuntu-focal/src/hadoop-mapreduce-project/hadoop-mapreduce-client/hadoop-mapreduce-client-jobclient/src/test/java/org/apache/hadoop/mapreduce/v2/TestMRJobs.java:[966,33] [deprecation] getLocalCacheFiles() in JobContext has been deprecated
[WARNING] /home/jenkins/jenkins-home/workspace/hadoop-multibranch_PR-3259/ubuntu-focal/src/hadoop-mapreduce-project/hadoop-mapreduce-client/hadoop-mapreduce-client-jobclient/src/test/java/org/apache/hadoop/mapreduce/v2/TestMRJobs.java:[968,36] [deprecation] getLocalCacheArchives() in JobContext has been deprecated
[WARNING] /home/jenkins/jenkins-home/workspace/hadoop-multibranch_PR-3259/ubuntu-focal/src/hadoop-mapreduce-project/hadoop-mapreduce-client/hadoop-mapreduce-client-jobclient/src/test/java/org/apache/hadoop/mapreduce/lib/input/TestMRSequenceFileInputFilter.java:[72,18] [deprecation] createWriter(FileSystem,Configuration,Path,Class,Class) in SequenceFile has been deprecated
[WARNING] /home/jenkins/jenkins-home/workspace/hadoop-multibranch_PR-3259/ubuntu-focal/src/hadoop-mapreduce-project/hadoop-mapreduce-client/hadoop-mapreduce-client-jobclient/src/test/java/org/apache/hadoop/mapred/TestReduceFetchFromPartialMem.java:[48,19] [deprecation] MiniMRCluster in org.apache.hadoop.mapred has been deprecated
[WARNING] /home/jenkins/jenkins-home/workspace/hadoop-multibranch_PR-3259/ubuntu-focal/src/hadoop-mapreduce-project/hadoop-mapreduce-client/hadoop-mapreduce-client-jobclient/src/test/java/org/apache/hadoop/mapred/TestReduceFetchFromPartialMem.java:[55,20] [deprecation] MiniMRCluster in org.apache.hadoop.mapred has been deprecated
[WARNING] /home/jenkins/jenkins-home/workspace/hadoop-multibranch_PR-3259/ubuntu-focal/src/hadoop-mapreduce-project/hadoop-mapreduce-client/hadoop-mapreduce-client-jobclient/src/test/java/org/apache/hadoop/mapred/TestSequenceFileInputFilter.java:[61,18] [deprecation] createWriter(FileSystem,Configuration,Path,Class,Class) in SequenceFile has been deprecated
[WARNING] /home/jenkins/jenkins-home/workspace/hadoop-multibranch_PR-3259/ubuntu-focal/src/hadoop-mapreduce-project/hadoop-mapreduce-client/hadoop-mapreduce-client-jobclient/src/test/java/org/apache/hadoop/mapreduce/v2/TestMROldApiJobs.java:[200,4] [deprecation] DistributedCache in org.apache.hadoop.mapreduce.filecache has been deprecated
[WARNING] /home/jenkins/jenkins-home/workspace/hadoop-multibranch_PR-3259/ubuntu-focal/src/hadoop-mapreduce-project/hadoop-mapreduce-client/hadoop-mapreduce-client-jobclient/src/test/java/org/apache/hadoop/mapred/BigMapOutput.java:[69,18] [deprecation] createWriter(FileSystem,Configuration,Path,Class,Class,CompressionType) in SequenceFile has been deprecated
[WARNING] /home/jenkins/jenkins-home/workspace/hadoop-multibranch_PR-3259/ubuntu-focal/src/hadoop-mapreduce-project/hadoop-mapreduce-client/hadoop-mapreduce-client-jobclient/src/test/java/org/apache/hadoop/mapred/TestMiniMRWithDFSWithDistinctUsers.java:[44,2] [deprecation] MiniMRCluster in org.apache.hadoop.mapred has been deprecated
[WARNING] /home/jenkins/jenkins-home/workspace/hadoop-multibranch_PR-3259/ubuntu-focal/src/hadoop-mapreduce-project/hadoop-mapreduce-client/hadoop-mapreduce-client-jobclient/src/test/java/org/apache/hadoop/mapred/TestMiniMRWithDFSWithDistinctUsers.java:[97,13] [deprecation] MiniMRCluster in org.apache.hadoop.mapred has been deprecated
[WARNING] /home/jenkins/jenkins-home/workspace/hadoop-multibranch_PR-3259/ubuntu-focal/src/hadoop-mapreduce-project/hadoop-mapreduce-client/hadoop-mapreduce-client-jobclient/src/test/java/org/apache/hadoop/mapreduce/lib/output/TestJobOutputCommitter.java:[86,16] [deprecation] cleanupJob(JobContext) in FileOutputCommitter has been deprecated
[WARNING] /home/jenkins/jenkins-home/workspace/hadoop-multibranch_PR-3259/ubuntu-focal/src/hadoop-mapreduce-project/hadoop-mapreduce-client/hadoop-mapreduce-client-jobclient/src/test/java/org/apache/hadoop/fs/DFSCIOTest.java:[136,29] [deprecation] createWriter(FileSystem,Configuration,Path,Class,Class,CompressionType) in SequenceFile has been deprecated
[WARNING] /home/jenkins/jenkins-home/workspace/hadoop-multibranch_PR-3259/ubuntu-focal/src/hadoop-mapreduce-project/hadoop-mapreduce-client/hadoop-mapreduce-client-jobclient/src/test/java/org/apache/hadoop/mapred/MRCaching.java:[77,26] [deprecation] readLine() in DataInputStream has been deprecated
[WARNING] /home/jenkins/jenkins-home/workspace/hadoop-multibranch_PR-3259/ubuntu-focal/src/hadoop-mapreduce-project/hadoop-mapreduce-client/hadoop-mapreduce-client-jobclient/src/test/java/org/apache/hadoop/mapred/MRCaching.java:[87,26] [deprecation] readLine() in DataInputStream has been deprecated
[WARNING] /home/jenkins/jenkins-home/workspace/hadoop-multibranch_PR-3259/ubuntu-focal/src/hadoop-mapreduce-project/hadoop-mapreduce-client/hadoop-mapreduce-client-jobclient/src/test/java/org/apache/hadoop/mapred/TestMiniMRDFSCaching.java:[39,4] [deprecation] MiniMRCluster in org.apache.hadoop.mapred has been deprecated
[WARNING] /home/jenkins/jenkins-home/workspace/hadoop-multibranch_PR-3259/ubuntu-focal/src/hadoop-mapreduce-project/hadoop-mapreduce-client/hadoop-mapreduce-client-jobclient/src/test/java/org/apache/hadoop/mapred/TestMiniMRDFSCaching.java:[46,15] [deprecation] MiniMRCluster in org.apache.hadoop.mapred has been deprecated
[WARNING] /home/jenkins/jenkins-home/workspace/hadoop-multibranch_PR-3259/ubuntu-focal/src/hadoop-mapreduce-project/hadoop-mapreduce-client/hadoop-mapreduce-client-jobclient/src/test/java/org/apache/hadoop/fs/TestFileSystem.java:[107,8] [deprecation] CommandFormat(String,int,int,String...) in CommandFormat has been deprecated
[WARNING] /home/jenkins/jenkins-home/workspace/hadoop-multibranch_PR-3259/ubuntu-focal/src/hadoop-mapreduce-project/hadoop-mapreduce-client/hadoop-mapreduce-client-jobclient/src/test/java/org/apache/hadoop/fs/TestFileSystem.java:[117,9] [deprecation] CommandFormat(String,int,int,String...) in CommandFormat has been deprecated
[WARNING] /home/jenkins/jenkins-home/workspace/hadoop-multibranch_PR-3259/ubuntu-focal/src/hadoop-mapreduce-project/hadoop-mapreduce-client/hadoop-mapreduce-client-jobclient/src/test/java/org/apache/hadoop/fs/TestFileSystem.java:[122,9] [deprecation] CommandFormat(String,int,int,String...) in CommandFormat has been deprecated
[WARNING] /home/jenkins/jenkins-home/workspace/hadoop-multibranch_PR-3259/ubuntu-focal/src/hadoop-mapreduce-project/hadoop-mapreduce-client/hadoop-mapreduce-client-jobclient/src/test/java/org/apache/hadoop/fs/TestFileSystem.java:[125,9] [deprecation] CommandFormat(String,int,int,String...) in CommandFormat has been deprecated
[WARNING] /home/jenkins/jenkins-home/workspace/hadoop-multibranch_PR-3259/ubuntu-focal/src/hadoop-mapreduce-project/hadoop-mapreduce-client/hadoop-mapreduce-client-jobclient/src/test/java/org/apache/hadoop/fs/TestFileSystem.java:[141,18] [deprecation] createWriter(FileSystem,Configuration,Path,Class,Class,CompressionType) in SequenceFile has been deprecated
[WARNING] /home/jenkins/jenkins-home/workspace/hadoop-multibranch_PR-3259/ubuntu-focal/src/hadoop-mapreduce-project/hadoop-mapreduce-client/hadoop-mapreduce-client-jobclient/src/test/java/org/apache/hadoop/mapred/lib/TestMultipleOutputs.java:[278,6] [deprecation] Reader(FileSystem,Path,Configuration) in Reader has been deprecated
[WARNING] /home/jenkins/jenkins-home/workspace/hadoop-multibranch_PR-3259/ubuntu-focal/src/hadoop-mapreduce-project/hadoop-mapreduce-client/hadoop-mapreduce-client-jobclient/src/test/java/org/apache/hadoop/mapreduce/v2/TestMiniMRProxyUser.java:[46,10] [deprecation] MiniMRCluster in org.apache.hadoop.mapred has been deprecated
[WARNING] /home/jenkins/jenkins-home/workspace/hadoop-multibranch_PR-3259/ubuntu-focal/src/hadoop-mapreduce-project/hadoop-mapreduce-client/hadoop-mapreduce-client-jobclient/src/test/java/org/apache/hadoop/mapreduce/v2/TestMiniMRProxyUser.java:[88,20] [deprecation] MiniMRCluster in org.apache.hadoop.mapred has been deprecated
[WARNING] /home/jenkins/jenkins-home/workspace/hadoop-multibranch_PR-3259/ubuntu-focal/src/hadoop-mapreduce-project/hadoop-mapreduce-client/hadoop-mapreduce-client-jobclient/src/test/java/org/apache/hadoop/mapred/TestLazyOutput.java:[139,4] [deprecation] MiniMRCluster in org.apache.hadoop.mapred has been deprecated
[WARNING] /home/jenkins/jenkins-home/workspace/hadoop-multibranch_PR-3259/ubuntu-focal/src/hadoop-mapreduce-project/hadoop-mapreduce-client/hadoop-mapreduce-client-jobclient/src/test/java/org/apache/hadoop/mapred/TestLazyOutput.java:[148,15] [deprecation] MiniMRCluster in org.apache.hadoop.mapred has been deprecated
[WARNING] /home/jenkins/jenkins-home/workspace/hadoop-multibranch_PR-3259/ubuntu-focal/src/hadoop-mapreduce-project/hadoop-mapreduce-client/hadoop-mapreduce-client-jobclient/src/test/java/org/apache/hadoop/mapred/TestJobSysDirWithDFS.java:[102,26] [deprecation] MiniMRCluster in org.apache.hadoop.mapred has been deprecated
[WARNING] /home/jenkins/jenkins-home/workspace/hadoop-multibranch_PR-3259/ubuntu-focal/src/hadoop-mapreduce-project/hadoop-mapreduce-client/hadoop-mapreduce-client-jobclient/src/test/java/org/apache/hadoop/mapred/TestJobSysDirWithDFS.java:[123,4] [deprecation] MiniMRCluster in org.apache.hadoop.mapred has been deprecated
[WARNING] /home/jenkins/jenkins-home/workspace/hadoop-multibranch_PR-3259/ubuntu-focal/src/hadoop-mapreduce-project/hadoop-mapreduce-client/hadoop-mapreduce-client-jobclient/src/test/java/org/apache/hadoop/mapred/TestJobSysDirWithDFS.java:[132,15] [deprecation] MiniMRCluster in org.apache.hadoop.mapred has been deprecated
[WARNING] /home/jenkins/jenkins-home/workspace/hadoop-multibranch_PR-3259/ubuntu-focal/src/hadoop-mapreduce-project/hadoop-mapreduce-client/hadoop-mapreduce-client-jobclient/src/test/java/org/apache/hadoop/mapred/TestBadRecords.java:[160,35] [deprecation] Reader(FileSystem,Path,Configuration) in Reader has been deprecated
[WARNING] /home/jenkins/jenkins-home/workspace/hadoop-multibranch_PR-3259/ubuntu-focal/src/hadoop-mapreduce-project/hadoop-mapreduce-client/hadoop-mapreduce-client-jobclient/src/test/java/org/apache/hadoop/mapred/TestMapRed.java:[314,10] [deprecation] Reader(FileSystem,Path,Configuration) in Reader has been deprecated
[WARNING] /home/jenkins/jenkins-home/workspace/hadoop-multibranch_PR-3259/ubuntu-focal/src/hadoop-mapreduce-project/hadoop-mapreduce-client/hadoop-mapreduce-client-jobclient/src/test/java/org/apache/hadoop/mapred/TestMapRed.java:[349,40] [deprecation] createWriter(FileSystem,Configuration,Path,Class,Class,CompressionType) in SequenceFile has been deprecated
[WARNING] /home/jenkins/jenkins-home/workspace/hadoop-multibranch_PR-3259/ubuntu-focal/src/hadoop-mapreduce-project/hadoop-mapreduce-client/hadoop-mapreduce-client-jobclient/src/test/java/org/apache/hadoop/mapred/TestMapRed.java:[371,28] [deprecation] Reader(FileSystem,Path,Configuration) in Reader has been deprecated
[WARNING] /home/jenkins/jenkins-home/workspace/hadoop-multibranch_PR-3259/ubuntu-focal/src/hadoop-mapreduce-project/hadoop-mapreduce-client/hadoop-mapreduce-client-jobclient/src/test/java/org/apache/hadoop/mapred/TestMapRed.java:[424,8] [deprecation] Reader(FileSystem,Path,Configuration) in Reader has been deprecated
[WARNING] /home/jenkins/jenkins-home/workspace/hadoop-multibranch_PR-3259/ubuntu-focal/src/hadoop-mapreduce-project/hadoop-mapreduce-client/hadoop-mapreduce-client-jobclient/src/test/java/org/apache/hadoop/mapred/TestMapRed.java:[491,18] [deprecation] createWriter(FileSystem,Configuration,Path,Class,Class,CompressionType) in SequenceFile has been deprecated
[WARNING] /home/jenkins/jenkins-home/workspace/hadoop-multibranch_PR-3259/ubuntu-focal/src/hadoop-mapreduce-project/hadoop-mapreduce-client/hadoop-mapreduce-client-jobclient/src/test/java/org/apache/hadoop/mapred/TestMapRed.java:[617,29] [deprecation] Reader(FileSystem,Path,Configuration) in Reader has been deprecated
[WARNING] /home/jenkins/jenkins-home/workspace/hadoop-multibranch_PR-3259/ubuntu-focal/src/hadoop-mapreduce-project/hadoop-mapreduce-client/hadoop-mapreduce-client-jobclient/src/test/java/org/apache/hadoop/mapred/TestMapRed.java:[681,28] [deprecation] Reader(FileSystem,Path,Configuration) in Reader has been deprecated
[WARNING] /home/jenkins/jenkins-home/workspace/hadoop-multibranch_PR-3259/ubuntu-focal/src/hadoop-mapreduce-project/hadoop-mapreduce-client/hadoop-mapreduce-client-jobclient/src/test/java/org/apache/hadoop/mapred/TestMapRed.java:[763,47] [deprecation] createWriter(FileSystem,Configuration,Path,Class,Class) in SequenceFile has been deprecated
[WARNING] /home/jenkins/jenkins-home/workspace/hadoop-multibranch_PR-3259/ubuntu-focal/src/hadoop-mapreduce-project/hadoop-mapreduce-client/hadoop-mapreduce-client-jobclient/src/test/java/org/apache/hadoop/mapred/TestSequenceFileInputFormat.java:[67,20] [deprecation] createWriter(FileSystem,Configuration,Path,Class,Class) in SequenceFile has been deprecated
[WARNING] /home/jenkins/jenkins-home/workspace/hadoop-multibranch_PR-3259/ubuntu-focal/src/hadoop-mapreduce-project/hadoop-mapreduce-client/hadoop-mapreduce-client-jobclient/src/test/java/org/apache/hadoop/mapred/join/TestDatamerge.java:[82,15] [deprecation] Writer(FileSystem,Configuration,Path,Class,Class) in Writer has been deprecated
[WARNING] /home/jenkins/jenkins-home/workspace/hadoop-multibranch_PR-3259/ubuntu-focal/src/hadoop-mapreduce-project/hadoop-mapreduce-client/hadoop-mapreduce-client-jobclient/src/test/java/org/apache/hadoop/mapred/join/TestDatamerge.java:[329,6] [deprecation] Reader(FileSystem,Path,Configuration) in Reader has been deprecated
[WARNING] /home/jenkins/jenkins-home/workspace/hadoop-multibranch_PR-3259/ubuntu-focal/src/hadoop-mapreduce-project/hadoop-mapreduce-client/hadoop-mapreduce-client-jobclient/src/test/java/org/apache/hadoop/mapred/pipes/TestPipes.java:[79,4] [deprecation] MiniMRCluster in org.apache.hadoop.mapred has been deprecated
[WARNING] /home/jenkins/jenkins-home/workspace/hadoop-multibranch_PR-3259/ubuntu-focal/src/hadoop-mapreduce-project/hadoop-mapreduce-client/hadoop-mapreduce-client-jobclient/src/test/java/org/apache/hadoop/mapred/pipes/TestPipes.java:[86,15] [deprecation] MiniMRCluster in org.apache.hadoop.mapred has been deprecated
[WARNING] /home/jenkins/jenkins-home/workspace/hadoop-multibranch_PR-3259/ubuntu-focal/src/hadoop-mapreduce-project/hadoop-mapreduce-client/hadoop-mapreduce-client-jobclient/src/test/java/org/apache/hadoop/mapred/pipes/TestPipes.java:[154,25] [deprecation] MiniMRCluster in org.apache.hadoop.mapred has been deprecated
[WARNING] /home/jenkins/jenkins-home/workspace/hadoop-multibranch_PR-3259/ubuntu-focal/src/hadoop-mapreduce-project/hadoop-mapreduce-client/hadoop-mapreduce-client-jobclient/src/test/java/org/apache/hadoop/mapred/pipes/TestPipes.java:[225,33] [deprecation] MiniMRCluster in org.apache.hadoop.mapred has been deprecated
[WARNING] /home/jenkins/jenkins-home/workspace/hadoop-multibranch_PR-3259/ubuntu-focal/src/hadoop-mapreduce-project/hadoop-mapreduce-client/hadoop-mapreduce-client-jobclient/src/test/java/org/apache/hadoop/mapred/TestMapOutputType.java:[119,45] [deprecation] createWriter(FileSystem,Configuration,Path,Class,Class) in SequenceFile has been deprecated
[WARNING] /home/jenkins/jenkins-home/workspace/hadoop-multibranch_PR-3259/ubuntu-focal/src/hadoop-mapreduce-project/hadoop-mapreduce-client/hadoop-mapreduce-client-jobclient/src/test/java/org/apache/hadoop/mapreduce/lib/input/TestMRSequenceFileAsTextInputFormat.java:[68,20] [deprecation] createWriter(FileSystem,Configuration,Path,Class,Class) in SequenceFile has been deprecated
[WARNING] /home/jenkins/jenkins-home/workspace/hadoop-multibranch_PR-3259/ubuntu-focal/src/hadoop-mapreduce-project/hadoop-mapreduce-client/hadoop-mapreduce-client-jobclient/src/test/java/org/apache/hadoop/mapreduce/lib/join/TestJoinDatamerge.java:[69,15] [deprecation] Writer(FileSystem,Configuration,Path,Class,Class) in Writer has been deprecated
[WARNING] /home/jenkins/jenkins-home/workspace/hadoop-multibranch_PR-3259/ubuntu-focal/src/hadoop-mapreduce-project/hadoop-mapreduce-client/hadoop-mapreduce-client-jobclient/src/test/java/org/apache/hadoop/mapreduce/lib/join/TestJoinDatamerge.java:[298,6] [deprecation] Reader(FileSystem,Path,Configuration) in Reader has been deprecated
[WARNING] /home/jenkins/jenkins-home/workspace/hadoop-multibranch_PR-3259/ubuntu-focal/src/hadoop-mapreduce-project/hadoop-mapreduce-client/hadoop-mapreduce-client-jobclient/src/test/java/org/apache/hadoop/mapreduce/lib/join/TestJoinDatamerge.java:[314,30] [deprecation] Reader(FileSystem,Path,Configuration) in Reader has been deprecated
[WARNING] /home/jenkins/jenkins-home/workspace/hadoop-multibranch_PR-3259/ubuntu-focal/src/hadoop-mapreduce-project/hadoop-mapreduce-client/hadoop-mapreduce-client-jobclient/src/test/java/org/apache/hadoop/mapreduce/lib/join/TestJoinDatamerge.java:[405,6] [deprecation] Reader(FileSystem,Path,Configuration) in Reader has been deprecated
[WARNING] /home/jenkins/jenkins-home/workspace/hadoop-multibranch_PR-3259/ubuntu-focal/src/hadoop-mapreduce-project/hadoop-mapreduce-client/hadoop-mapreduce-client-jobclient/src/test/java/org/apache/hadoop/mapreduce/TestMapReduceLazyOutput.java:[134,4] [deprecation] MiniMRCluster in org.apache.hadoop.mapred has been deprecated
[WARNING] /home/jenkins/jenkins-home/workspace/hadoop-multibranch_PR-3259/ubuntu-focal/src/hadoop-mapreduce-project/hadoop-mapreduce-client/hadoop-mapreduce-client-jobclient/src/test/java/org/apache/hadoop/mapreduce/TestMapReduceLazyOutput.java:[143,15] [deprecation] MiniMRCluster in org.apache.hadoop.mapred has been deprecated
[WARNING] /home/jenkins/jenkins-home/workspace/hadoop-multibranch_PR-3259/ubuntu-focal/src/hadoop-mapreduce-project/hadoop-mapreduce-client/hadoop-mapreduce-client-jobclient/src/test/java/org/apache/hadoop/mapreduce/v2/TestNonExistentJob.java:[42,10] [deprecation] MiniMRCluster in org.apache.hadoop.mapred has been deprecated
[WARNING] /home/jenkins/jenkins-home/workspace/hadoop-multibranch_PR-3259/ubuntu-focal/src/hadoop-mapreduce-project/hadoop-mapreduce-client/hadoop-mapreduce-client-jobclient/src/test/java/org/apache/hadoop/mapreduce/v2/TestNonExistentJob.java:[77,20] [deprecation] MiniMRCluster in org.apache.hadoop.mapred has been deprecated
[WARNING] /home/jenkins/jenkins-home/workspace/hadoop-multibranch_PR-3259/ubuntu-focal/src/hadoop-mapreduce-project/hadoop-mapreduce-client/hadoop-mapreduce-client-jobclient/src/test/java/org/apache/hadoop/mapred/TestCombineOutputCollector.java:[87,19] [deprecation] contentEquals(Counter) in Counter has been deprecated
[WARNING] /home/jenkins/jenkins-home/workspace/hadoop-multibranch_PR-3259/ubuntu-focal/src/hadoop-mapreduce-project/hadoop-mapreduce-client/hadoop-mapreduce-client-jobclient/src/test/java/org/apache/hadoop/fs/DistributedFSCheck.java:[102,18] [deprecation] createWriter(FileSystem,Configuration,Path,Class,Class,CompressionType) in SequenceFile has been deprecated
[WARNING] /home/jenkins/jenkins-home/workspace/hadoop-multibranch_PR-3259/ubuntu-focal/src/hadoop-mapreduce-project/hadoop-mapreduce-client/hadoop-mapreduce-client-jobclient/src/test/java/org/apache/hadoop/mapreduce/lib/input/TestCombineFileInputFormat.java:[1817,23] [deprecation] getDefaultBlockSize() in FileSystem has been deprecated
[WARNING] /home/jenkins/jenkins-home/workspace/hadoop-multibranch_PR-3259/ubuntu-focal/src/hadoop-mapreduce-project/hadoop-mapreduce-client/hadoop-mapreduce-client-jobclient/src/test/java/org/apache/hadoop/mapred/TestMiniMRBringup.java:[36,4] [deprecation] MiniMRCluster in org.apache.hadoop.mapred has been deprecated
[WARNING] /home/jenkins/jenkins-home/workspace/hadoop-multibranch_PR-3259/ubuntu-focal/src/hadoop-mapreduce-project/hadoop-mapreduce-client/hadoop-mapreduce-client-jobclient/src/test/java/org/apache/hadoop/mapred/TestMiniMRBringup.java:[38,15] [deprecation] MiniMRCluster in org.apache.hadoop.mapred has been deprecated
[WARNING] /home/jenkins/jenkins-home/workspace/hadoop-multibranch_PR-3259/ubuntu-focal/src/hadoop-mapreduce-project/hadoop-mapreduce-client/hadoop-mapreduce-client-jobclient/src/test/java/org/apache/hadoop/mapred/GenericMRLoadGenerator.java:[152,47] [deprecation] createWriter(FileSystem,Configuration,Path,Class,Class,CompressionType) in SequenceFile has been deprecated
[WARNING] /home/jenkins/jenkins-home/workspace/hadoop-multibranch_PR-3259/ubuntu-focal/src/hadoop-mapreduce-project/hadoop-mapreduce-client/hadoop-mapreduce-client-jobclient/src/test/java/org/apache/hadoop/mapred/GenericMRLoadGenerator.java:[423,36] [deprecation] Reader(FileSystem,Path,Configuration) in Reader has been deprecated
[WARNING] /home/jenkins/jenkins-home/workspace/hadoop-multibranch_PR-3259/ubuntu-focal/src/hadoop-mapreduce-project/hadoop-mapreduce-client/hadoop-mapreduce-client-jobclient/src/test/java/org/apache/hadoop/io/TestSequenceFileMergeProgress.java:[73,18] [deprecation] createWriter(FileSystem,Configuration,Path,Class,Class,CompressionType,CompressionCodec) in SequenceFile has been deprecated
[WARNING] /home/jenkins/jenkins-home/workspace/hadoop-multibranch_PR-3259/ubuntu-focal/src/hadoop-mapreduce-project/hadoop-mapreduce-client/hadoop-mapreduce-client-jobclient/src/test/java/org/apache/hadoop/mapreduce/GenericMRLoadGenerator.java:[157,47] [deprecation] createWriter(FileSystem,Configuration,Path,Class,Class,CompressionType) in SequenceFile has been deprecated
[WARNING] /home/jenkins/jenkins-home/workspace/hadoop-multibranch_PR-3259/ubuntu-focal/src/hadoop-mapreduce-project/hadoop-mapreduce-client/hadoop-mapreduce-client-jobclient/src/test/java/org/apache/hadoop/mapreduce/GenericMRLoadGenerator.java:[439,36] [deprecation] Reader(FileSystem,Path,Configuration) in Reader has been deprecated
[INFO] 
[INFO] --- maven-jar-plugin:2.5:test-jar (default) @ hadoop-mapreduce-client-jobclient ---
[INFO] Building jar: /home/jenkins/jenkins-home/workspace/hadoop-multibranch_PR-3259/ubuntu-focal/src/hadoop-mapreduce-project/hadoop-mapreduce-client/hadoop-mapreduce-client-jobclient/target/hadoop-mapreduce-client-jobclient-3.4.0-SNAPSHOT-tests.jar
[INFO] 
[INFO] --- maven-surefire-plugin:3.0.0-M1:test (default-test) @ hadoop-mapreduce-client-jobclient ---
[INFO] 
[INFO] -------------------------------------------------------
[INFO]  T E S T S
[INFO] -------------------------------------------------------
[INFO] Running org.apache.hadoop.hdfs.TestNNBench
[INFO] Tests run: 3, Failures: 0, Errors: 0, Skipped: 0, Time elapsed: 25.836 s - in org.apache.hadoop.hdfs.TestNNBench
[INFO] Running org.apache.hadoop.io.TestSequenceFileMergeProgress
[INFO] Tests run: 3, Failures: 0, Errors: 0, Skipped: 0, Time elapsed: 1.331 s - in org.apache.hadoop.io.TestSequenceFileMergeProgress
[INFO] Running org.apache.hadoop.fs.TestFileSystem
[INFO] Tests run: 6, Failures: 0, Errors: 0, Skipped: 0, Time elapsed: 18.998 s - in org.apache.hadoop.fs.TestFileSystem
[INFO] Running org.apache.hadoop.fs.TestDFSIO
[INFO] Tests run: 6, Failures: 0, Errors: 0, Skipped: 0, Time elapsed: 32.481 s - in org.apache.hadoop.fs.TestDFSIO
[INFO] Running org.apache.hadoop.fs.slive.TestSlive
[INFO] Tests run: 18, Failures: 0, Errors: 0, Skipped: 0, Time elapsed: 3.912 s - in org.apache.hadoop.fs.slive.TestSlive
[INFO] Running org.apache.hadoop.fs.TestJHLA
[INFO] Tests run: 1, Failures: 0, Errors: 0, Skipped: 0, Time elapsed: 0.97 s - in org.apache.hadoop.fs.TestJHLA
[INFO] Running org.apache.hadoop.mapreduce.TestValueIterReset
[INFO] Tests run: 1, Failures: 0, Errors: 0, Skipped: 0, Time elapsed: 2.755 s - in org.apache.hadoop.mapreduce.TestValueIterReset
[INFO] Running org.apache.hadoop.mapreduce.TestMROutputFormat
[INFO] Tests run: 1, Failures: 0, Errors: 0, Skipped: 0, Time elapsed: 2.612 s - in org.apache.hadoop.mapreduce.TestMROutputFormat
[INFO] Running org.apache.hadoop.mapreduce.TestYarnClientProtocolProvider
[INFO] Tests run: 2, Failures: 0, Errors: 0, Skipped: 0, Time elapsed: 2.66 s - in org.apache.hadoop.mapreduce.TestYarnClientProtocolProvider
[INFO] Running org.apache.hadoop.mapreduce.v2.TestMRAppWithCombiner
[INFO] Tests run: 1, Failures: 0, Errors: 0, Skipped: 0, Time elapsed: 90.778 s - in org.apache.hadoop.mapreduce.v2.TestMRAppWithCombiner
[INFO] Running org.apache.hadoop.mapreduce.v2.TestMRAMWithNonNormalizedCapabilities
[INFO] Tests run: 1, Failures: 0, Errors: 0, Skipped: 0, Time elapsed: 49.563 s - in org.apache.hadoop.mapreduce.v2.TestMRAMWithNonNormalizedCapabilities
[INFO] Running org.apache.hadoop.mapreduce.v2.TestMiniMRProxyUser
[INFO] Tests run: 3, Failures: 0, Errors: 0, Skipped: 0, Time elapsed: 141.314 s - in org.apache.hadoop.mapreduce.v2.TestMiniMRProxyUser
[INFO] Running org.apache.hadoop.mapreduce.v2.TestSpeculativeExecutionWithMRApp
[INFO] Tests run: 4, Failures: 0, Errors: 0, Skipped: 0, Time elapsed: 67.343 s - in org.apache.hadoop.mapreduce.v2.TestSpeculativeExecutionWithMRApp
[INFO] Running org.apache.hadoop.mapreduce.v2.TestRMNMInfo
[INFO] Tests run: 2, Failures: 0, Errors: 0, Skipped: 0, Time elapsed: 10.851 s - in org.apache.hadoop.mapreduce.v2.TestRMNMInfo
[INFO] Running org.apache.hadoop.mapreduce.v2.TestSpeculativeExecution
[INFO] Tests run: 1, Failures: 0, Errors: 0, Skipped: 0, Time elapsed: 197.728 s - in org.apache.hadoop.mapreduce.v2.TestSpeculativeExecution
[INFO] Running org.apache.hadoop.mapreduce.v2.TestMRJobs
[INFO] Tests run: 20, Failures: 0, Errors: 0, Skipped: 0, Time elapsed: 648.635 s - in org.apache.hadoop.mapreduce.v2.TestMRJobs
[INFO] Running org.apache.hadoop.mapreduce.v2.TestNonExistentJob
[INFO] Tests run: 1, Failures: 0, Errors: 0, Skipped: 0, Time elapsed: 23.47 s - in org.apache.hadoop.mapreduce.v2.TestNonExistentJob
[INFO] Running org.apache.hadoop.mapreduce.v2.TestMRJobsWithProfiler
[INFO] Tests run: 2, Failures: 0, Errors: 0, Skipped: 0, Time elapsed: 113.946 s - in org.apache.hadoop.mapreduce.v2.TestMRJobsWithProfiler
[INFO] Running org.apache.hadoop.mapreduce.v2.TestUberAM
[INFO] Tests run: 21, Failures: 0, Errors: 0, Skipped: 0, Time elapsed: 686.362 s - in org.apache.hadoop.mapreduce.v2.TestUberAM
[INFO] Running org.apache.hadoop.mapreduce.v2.TestMRJobsWithHistoryService
[INFO] Tests run: 1, Failures: 0, Errors: 0, Skipped: 0, Time elapsed: 55.29 s - in org.apache.hadoop.mapreduce.v2.TestMRJobsWithHistoryService
[INFO] Running org.apache.hadoop.mapreduce.v2.TestSpeculativeExecOnCluster
[WARNING] Tests run: 1, Failures: 0, Errors: 0, Skipped: 1, Time elapsed: 0.035 s - in org.apache.hadoop.mapreduce.v2.TestSpeculativeExecOnCluster
[INFO] Running org.apache.hadoop.mapreduce.v2.TestMROldApiJobs
[INFO] Tests run: 2, Failures: 0, Errors: 0, Skipped: 0, Time elapsed: 64.778 s - in org.apache.hadoop.mapreduce.v2.TestMROldApiJobs
[INFO] Running org.apache.hadoop.mapreduce.TestNoJobSetupCleanup
[WARNING] Tests run: 1, Failures: 0, Errors: 0, Skipped: 1, Time elapsed: 0.024 s - in org.apache.hadoop.mapreduce.TestNoJobSetupCleanup
[INFO] Running org.apache.hadoop.mapreduce.TestMapperReducerCleanup
[INFO] Tests run: 3, Failures: 0, Errors: 0, Skipped: 0, Time elapsed: 5.353 s - in org.apache.hadoop.mapreduce.TestMapperReducerCleanup
[INFO] Running org.apache.hadoop.mapreduce.TestLargeSort
[INFO] Tests run: 1, Failures: 0, Errors: 0, Skipped: 0, Time elapsed: 163.265 s - in org.apache.hadoop.mapreduce.TestLargeSort
[INFO] Running org.apache.hadoop.mapreduce.TestMRIntermediateDataEncryption
[INFO] Tests run: 4, Failures: 0, Errors: 0, Skipped: 0, Time elapsed: 159.895 s - in org.apache.hadoop.mapreduce.TestMRIntermediateDataEncryption
[INFO] Running org.apache.hadoop.mapreduce.TestCounters
[INFO] Tests run: 3, Failures: 0, Errors: 0, Skipped: 0, Time elapsed: 0.588 s - in org.apache.hadoop.mapreduce.TestCounters
[INFO] Running org.apache.hadoop.mapreduce.TestMapReduce
[INFO] Tests run: 1, Failures: 0, Errors: 0, Skipped: 0, Time elapsed: 5.083 s - in org.apache.hadoop.mapreduce.TestMapReduce
[INFO] Running org.apache.hadoop.mapreduce.lib.fieldsel.TestMRFieldSelection
[INFO] Tests run: 1, Failures: 0, Errors: 0, Skipped: 0, Time elapsed: 2.572 s - in org.apache.hadoop.mapreduce.lib.fieldsel.TestMRFieldSelection
[INFO] Running org.apache.hadoop.mapreduce.lib.aggregate.TestMapReduceAggregates
[INFO] Tests run: 1, Failures: 0, Errors: 0, Skipped: 0, Time elapsed: 2.621 s - in org.apache.hadoop.mapreduce.lib.aggregate.TestMapReduceAggregates
[INFO] Running org.apache.hadoop.mapreduce.lib.map.TestMultithreadedMapper
[INFO] Tests run: 3, Failures: 0, Errors: 0, Skipped: 0, Time elapsed: 5.052 s - in org.apache.hadoop.mapreduce.lib.map.TestMultithreadedMapper
[INFO] Running org.apache.hadoop.mapreduce.lib.chain.TestMapReduceChain
[INFO] Tests run: 1, Failures: 0, Errors: 0, Skipped: 0, Time elapsed: 3.315 s - in org.apache.hadoop.mapreduce.lib.chain.TestMapReduceChain
[INFO] Running org.apache.hadoop.mapreduce.lib.chain.TestChainErrors
[INFO] Tests run: 5, Failures: 0, Errors: 0, Skipped: 0, Time elapsed: 7.528 s - in org.apache.hadoop.mapreduce.lib.chain.TestChainErrors
[INFO] Running org.apache.hadoop.mapreduce.lib.chain.TestSingleElementChain
[INFO] Tests run: 1, Failures: 0, Errors: 0, Skipped: 0, Time elapsed: 2.833 s - in org.apache.hadoop.mapreduce.lib.chain.TestSingleElementChain
[INFO] Running org.apache.hadoop.mapreduce.lib.output.TestMRCJCFileOutputCommitter
[INFO] Tests run: 4, Failures: 0, Errors: 0, Skipped: 0, Time elapsed: 1.207 s - in org.apache.hadoop.mapreduce.lib.output.TestMRCJCFileOutputCommitter
[INFO] Running org.apache.hadoop.mapreduce.lib.output.TestMRMultipleOutputs
[INFO] Tests run: 2, Failures: 0, Errors: 0, Skipped: 0, Time elapsed: 6.449 s - in org.apache.hadoop.mapreduce.lib.output.TestMRMultipleOutputs
[INFO] Running org.apache.hadoop.mapreduce.lib.output.TestJobOutputCommitter
[INFO] Tests run: 3, Failures: 0, Errors: 0, Skipped: 0, Time elapsed: 218.494 s - in org.apache.hadoop.mapreduce.lib.output.TestJobOutputCommitter
[INFO] Running org.apache.hadoop.mapreduce.lib.output.TestMRSequenceFileAsBinaryOutputFormat
[INFO] Tests run: 3, Failures: 0, Errors: 0, Skipped: 0, Time elapsed: 1.394 s - in org.apache.hadoop.mapreduce.lib.output.TestMRSequenceFileAsBinaryOutputFormat
[INFO] Running org.apache.hadoop.mapreduce.lib.partition.TestMRKeyFieldBasedComparator
[INFO] Tests run: 1, Failures: 0, Errors: 0, Skipped: 0, Time elapsed: 16.653 s - in org.apache.hadoop.mapreduce.lib.partition.TestMRKeyFieldBasedComparator
[INFO] Running org.apache.hadoop.mapreduce.lib.partition.TestKeyFieldHelper
[INFO] Tests run: 3, Failures: 0, Errors: 0, Skipped: 0, Time elapsed: 0.184 s - in org.apache.hadoop.mapreduce.lib.partition.TestKeyFieldHelper
[INFO] Running org.apache.hadoop.mapreduce.lib.partition.TestInputSampler
[INFO] Tests run: 4, Failures: 0, Errors: 0, Skipped: 0, Time elapsed: 0.701 s - in org.apache.hadoop.mapreduce.lib.partition.TestInputSampler
[INFO] Running org.apache.hadoop.mapreduce.lib.partition.TestBinaryPartitioner
[INFO] Tests run: 4, Failures: 0, Errors: 0, Skipped: 0, Time elapsed: 0.434 s - in org.apache.hadoop.mapreduce.lib.partition.TestBinaryPartitioner
[INFO] Running org.apache.hadoop.mapreduce.lib.partition.TestMRKeyFieldBasedPartitioner
[INFO] Tests run: 1, Failures: 0, Errors: 0, Skipped: 0, Time elapsed: 0.387 s - in org.apache.hadoop.mapreduce.lib.partition.TestMRKeyFieldBasedPartitioner
[INFO] Running org.apache.hadoop.mapreduce.lib.partition.TestTotalOrderPartitioner
[INFO] Tests run: 4, Failures: 0, Errors: 0, Skipped: 0, Time elapsed: 1.048 s - in org.apache.hadoop.mapreduce.lib.partition.TestTotalOrderPartitioner
[INFO] Running org.apache.hadoop.mapreduce.lib.join.TestJoinTupleWritable
[INFO] Tests run: 9, Failures: 0, Errors: 0, Skipped: 0, Time elapsed: 0.291 s - in org.apache.hadoop.mapreduce.lib.join.TestJoinTupleWritable
[INFO] Running org.apache.hadoop.mapreduce.lib.join.TestJoinDatamerge
[INFO] Tests run: 5, Failures: 0, Errors: 0, Skipped: 0, Time elapsed: 26.012 s - in org.apache.hadoop.mapreduce.lib.join.TestJoinDatamerge
[INFO] Running org.apache.hadoop.mapreduce.lib.join.TestJoinProperties
[INFO] Tests run: 3, Failures: 0, Errors: 0, Skipped: 0, Time elapsed: 10.424 s - in org.apache.hadoop.mapreduce.lib.join.TestJoinProperties
[INFO] Running org.apache.hadoop.mapreduce.lib.join.TestWrappedRRClassloader
[INFO] Tests run: 1, Failures: 0, Errors: 0, Skipped: 0, Time elapsed: 0.803 s - in org.apache.hadoop.mapreduce.lib.join.TestWrappedRRClassloader
[INFO] Running org.apache.hadoop.mapreduce.lib.input.TestMRSequenceFileAsTextInputFormat
[INFO] Tests run: 1, Failures: 0, Errors: 0, Skipped: 0, Time elapsed: 3.257 s - in org.apache.hadoop.mapreduce.lib.input.TestMRSequenceFileAsTextInputFormat
[INFO] Running org.apache.hadoop.mapreduce.lib.input.TestFixedLengthInputFormat
[INFO] Tests run: 8, Failures: 0, Errors: 0, Skipped: 0, Time elapsed: 47.686 s - in org.apache.hadoop.mapreduce.lib.input.TestFixedLengthInputFormat
[INFO] Running org.apache.hadoop.mapreduce.lib.input.TestDelegatingInputFormat
[INFO] Tests run: 1, Failures: 0, Errors: 0, Skipped: 0, Time elapsed: 25.442 s - in org.apache.hadoop.mapreduce.lib.input.TestDelegatingInputFormat
[INFO] Running org.apache.hadoop.mapreduce.lib.input.TestCombineTextInputFormat
[INFO] Tests run: 2, Failures: 0, Errors: 0, Skipped: 0, Time elapsed: 1.232 s - in org.apache.hadoop.mapreduce.lib.input.TestCombineTextInputFormat
[INFO] Running org.apache.hadoop.mapreduce.lib.input.TestMultipleInputs
[INFO] Tests run: 3, Failures: 0, Errors: 0, Skipped: 0, Time elapsed: 2.923 s - in org.apache.hadoop.mapreduce.lib.input.TestMultipleInputs
[INFO] Running org.apache.hadoop.mapreduce.lib.input.TestCombineSequenceFileInputFormat
[INFO] Tests run: 1, Failures: 0, Errors: 0, Skipped: 0, Time elapsed: 1.467 s - in org.apache.hadoop.mapreduce.lib.input.TestCombineSequenceFileInputFormat
[INFO] Running org.apache.hadoop.mapreduce.lib.input.TestLineRecordReaderJobs
[INFO] Tests run: 2, Failures: 0, Errors: 0, Skipped: 0, Time elapsed: 3.879 s - in org.apache.hadoop.mapreduce.lib.input.TestLineRecordReaderJobs
[INFO] Running org.apache.hadoop.mapreduce.lib.input.TestMRKeyValueTextInputFormat
[INFO] Tests run: 5, Failures: 0, Errors: 0, Skipped: 0, Time elapsed: 43.139 s - in org.apache.hadoop.mapreduce.lib.input.TestMRKeyValueTextInputFormat
[INFO] Running org.apache.hadoop.mapreduce.lib.input.TestMRCJCFileInputFormat
[INFO] Tests run: 6, Failures: 0, Errors: 0, Skipped: 0, Time elapsed: 3.144 s - in org.apache.hadoop.mapreduce.lib.input.TestMRCJCFileInputFormat
[INFO] Running org.apache.hadoop.mapreduce.lib.input.TestMRSequenceFileAsBinaryInputFormat
[INFO] Tests run: 1, Failures: 0, Errors: 0, Skipped: 0, Time elapsed: 1.109 s - in org.apache.hadoop.mapreduce.lib.input.TestMRSequenceFileAsBinaryInputFormat
[INFO] Running org.apache.hadoop.mapreduce.lib.input.TestMRSequenceFileInputFilter
[INFO] Tests run: 3, Failures: 0, Errors: 0, Skipped: 0, Time elapsed: 6.489 s - in org.apache.hadoop.mapreduce.lib.input.TestMRSequenceFileInputFilter
[INFO] Running org.apache.hadoop.mapreduce.lib.input.TestNLineInputFormat
[INFO] Tests run: 1, Failures: 0, Errors: 0, Skipped: 0, Time elapsed: 5.697 s - in org.apache.hadoop.mapreduce.lib.input.TestNLineInputFormat
[INFO] Running org.apache.hadoop.mapreduce.lib.input.TestCombineFileInputFormat
[INFO] Tests run: 10, Failures: 0, Errors: 0, Skipped: 0, Time elapsed: 26.623 s - in org.apache.hadoop.mapreduce.lib.input.TestCombineFileInputFormat
[INFO] Running org.apache.hadoop.mapreduce.lib.jobcontrol.TestControlledJob
[INFO] Tests run: 2, Failures: 0, Errors: 0, Skipped: 0, Time elapsed: 0.644 s - in org.apache.hadoop.mapreduce.lib.jobcontrol.TestControlledJob
[INFO] Running org.apache.hadoop.mapreduce.lib.jobcontrol.TestMapReduceJobControl
[INFO] Tests run: 4, Failures: 0, Errors: 0, Skipped: 0, Time elapsed: 44.401 s - in org.apache.hadoop.mapreduce.lib.jobcontrol.TestMapReduceJobControl
[INFO] Running org.apache.hadoop.mapreduce.lib.jobcontrol.TestMapReduceJobControlWithMocks
[INFO] Tests run: 4, Failures: 0, Errors: 0, Skipped: 0, Time elapsed: 11.759 s - in org.apache.hadoop.mapreduce.lib.jobcontrol.TestMapReduceJobControlWithMocks
[INFO] Running org.apache.hadoop.mapreduce.lib.db.TestDataDrivenDBInputFormat
[INFO] Tests run: 1, Failures: 0, Errors: 0, Skipped: 0, Time elapsed: 3.557 s - in org.apache.hadoop.mapreduce.lib.db.TestDataDrivenDBInputFormat
[INFO] Running org.apache.hadoop.mapreduce.lib.db.TestIntegerSplitter
[INFO] Tests run: 5, Failures: 0, Errors: 0, Skipped: 0, Time elapsed: 0.084 s - in org.apache.hadoop.mapreduce.lib.db.TestIntegerSplitter
[INFO] Running org.apache.hadoop.mapreduce.lib.db.TestTextSplitter
[INFO] Tests run: 9, Failures: 0, Errors: 0, Skipped: 0, Time elapsed: 0.175 s - in org.apache.hadoop.mapreduce.lib.db.TestTextSplitter
[INFO] Running org.apache.hadoop.mapreduce.lib.db.TestDBOutputFormat
[INFO] Tests run: 4, Failures: 0, Errors: 0, Skipped: 0, Time elapsed: 0.649 s - in org.apache.hadoop.mapreduce.lib.db.TestDBOutputFormat
[INFO] Running org.apache.hadoop.mapreduce.filecache.TestURIFragments
[INFO] Tests run: 1, Failures: 0, Errors: 0, Skipped: 0, Time elapsed: 0.172 s - in org.apache.hadoop.mapreduce.filecache.TestURIFragments
[INFO] Running org.apache.hadoop.mapreduce.util.TestMRAsyncDiskService
[INFO] Tests run: 6, Failures: 0, Errors: 0, Skipped: 0, Time elapsed: 1.667 s - in org.apache.hadoop.mapreduce.util.TestMRAsyncDiskService
[INFO] Running org.apache.hadoop.mapreduce.TestMRJobClient
[INFO] Tests run: 3, Failures: 0, Errors: 0, Skipped: 0, Time elapsed: 201.371 s - in org.apache.hadoop.mapreduce.TestMRJobClient
[INFO] Running org.apache.hadoop.mapreduce.TestMapCollection
[INFO] Tests run: 11, Failures: 0, Errors: 0, Skipped: 0, Time elapsed: 13.649 s - in org.apache.hadoop.mapreduce.TestMapCollection
[INFO] Running org.apache.hadoop.mapreduce.TestTaskContext
[WARNING] Tests run: 1, Failures: 0, Errors: 0, Skipped: 1, Time elapsed: 0.023 s - in org.apache.hadoop.mapreduce.TestTaskContext
[INFO] Running org.apache.hadoop.mapreduce.TestLocalRunner
[INFO] Tests run: 8, Failures: 0, Errors: 0, Skipped: 0, Time elapsed: 35.868 s - in org.apache.hadoop.mapreduce.TestLocalRunner
[INFO] Running org.apache.hadoop.mapreduce.TestNewCombinerGrouping
[INFO] Tests run: 1, Failures: 0, Errors: 0, Skipped: 0, Time elapsed: 6.69 s - in org.apache.hadoop.mapreduce.TestNewCombinerGrouping
[INFO] Running org.apache.hadoop.mapreduce.TestMapReduceLazyOutput
[INFO] Tests run: 1, Failures: 0, Errors: 0, Skipped: 0, Time elapsed: 147.829 s - in org.apache.hadoop.mapreduce.TestMapReduceLazyOutput
[INFO] Running org.apache.hadoop.mapreduce.security.TestBinaryTokenFile
[INFO] Tests run: 2, Failures: 0, Errors: 0, Skipped: 0, Time elapsed: 84.695 s - in org.apache.hadoop.mapreduce.security.TestBinaryTokenFile
[INFO] Running org.apache.hadoop.mapreduce.security.TestMRCredentials
[INFO] Tests run: 1, Failures: 0, Errors: 0, Skipped: 0, Time elapsed: 60.232 s - in org.apache.hadoop.mapreduce.security.TestMRCredentials
[INFO] Running org.apache.hadoop.mapreduce.security.TestUmbilicalProtocolWithJobToken
[INFO] Tests run: 1, Failures: 0, Errors: 0, Skipped: 0, Time elapsed: 1.866 s - in org.apache.hadoop.mapreduce.security.TestUmbilicalProtocolWithJobToken
[INFO] Running org.apache.hadoop.mapreduce.security.token.delegation.TestDelegationToken
[WARNING] Tests run: 1, Failures: 0, Errors: 0, Skipped: 1, Time elapsed: 0.024 s - in org.apache.hadoop.mapreduce.security.token.delegation.TestDelegationToken
[INFO] Running org.apache.hadoop.mapreduce.security.TestJHSSecurity
[INFO] Tests run: 1, Failures: 0, Errors: 0, Skipped: 0, Time elapsed: 20.53 s - in org.apache.hadoop.mapreduce.security.TestJHSSecurity
[INFO] Running org.apache.hadoop.mapreduce.security.ssl.TestEncryptedShuffle
[INFO] Tests run: 2, Failures: 0, Errors: 0, Skipped: 0, Time elapsed: 117.501 s - in org.apache.hadoop.mapreduce.security.ssl.TestEncryptedShuffle
[INFO] Running org.apache.hadoop.mapreduce.TestClientProtocolProviderImpls
[INFO] Tests run: 5, Failures: 0, Errors: 0, Skipped: 0, Time elapsed: 1.512 s - in org.apache.hadoop.mapreduce.TestClientProtocolProviderImpls
[INFO] Running org.apache.hadoop.mapreduce.TestChild
[INFO] Tests run: 1, Failures: 0, Errors: 0, Skipped: 0, Time elapsed: 86.905 s - in org.apache.hadoop.mapreduce.TestChild
[INFO] Running org.apache.hadoop.mapred.TestReduceTask
[INFO] Tests run: 2, Failures: 0, Errors: 0, Skipped: 0, Time elapsed: 0.936 s - in org.apache.hadoop.mapred.TestReduceTask
[INFO] Running org.apache.hadoop.mapred.TestMROpportunisticMaps
[INFO] Tests run: 2, Failures: 0, Errors: 0, Skipped: 0, Time elapsed: 30.134 s - in org.apache.hadoop.mapred.TestMROpportunisticMaps
[INFO] Running org.apache.hadoop.mapred.TestLocalMRNotification
[INFO] Tests run: 1, Failures: 0, Errors: 0, Skipped: 0, Time elapsed: 4.491 s - in org.apache.hadoop.mapred.TestLocalMRNotification
[INFO] Running org.apache.hadoop.mapred.TestSequenceFileAsBinaryOutputFormat
[INFO] Tests run: 3, Failures: 0, Errors: 0, Skipped: 0, Time elapsed: 1.369 s - in org.apache.hadoop.mapred.TestSequenceFileAsBinaryOutputFormat
[INFO] Running org.apache.hadoop.mapred.TestJavaSerialization
[INFO] Tests run: 2, Failures: 0, Errors: 0, Skipped: 0, Time elapsed: 4.002 s - in org.apache.hadoop.mapred.TestJavaSerialization
[INFO] Running org.apache.hadoop.mapred.TestUserDefinedCounters
[INFO] Tests run: 1, Failures: 0, Errors: 0, Skipped: 0, Time elapsed: 2.749 s - in org.apache.hadoop.mapred.TestUserDefinedCounters
[INFO] Running org.apache.hadoop.mapred.TestSequenceFileInputFilter
[INFO] Tests run: 3, Failures: 0, Errors: 0, Skipped: 0, Time elapsed: 5.693 s - in org.apache.hadoop.mapred.TestSequenceFileInputFilter
[INFO] Running org.apache.hadoop.mapred.TestBadRecords
[WARNING] Tests run: 1, Failures: 0, Errors: 0, Skipped: 1, Time elapsed: 0.024 s - in org.apache.hadoop.mapred.TestBadRecords
[INFO] Running org.apache.hadoop.mapred.TestFixedLengthInputFormat
[INFO] Tests run: 8, Failures: 0, Errors: 0, Skipped: 0, Time elapsed: 60.72 s - in org.apache.hadoop.mapred.TestFixedLengthInputFormat
[INFO] Running org.apache.hadoop.mapred.TestJobCleanup
[INFO] Tests run: 3, Failures: 0, Errors: 0, Skipped: 0, Time elapsed: 178.158 s - in org.apache.hadoop.mapred.TestJobCleanup
[INFO] Running org.apache.hadoop.mapred.TestSpecialCharactersInOutputPath
[INFO] Tests run: 1, Failures: 0, Errors: 0, Skipped: 0, Time elapsed: 21.511 s - in org.apache.hadoop.mapred.TestSpecialCharactersInOutputPath
[INFO] Running org.apache.hadoop.mapred.TestTextOutputFormat
[INFO] Tests run: 3, Failures: 0, Errors: 0, Skipped: 0, Time elapsed: 0.941 s - in org.apache.hadoop.mapred.TestTextOutputFormat
[INFO] Running org.apache.hadoop.mapred.TestMultipleTextOutputFormat
[INFO] Tests run: 1, Failures: 0, Errors: 0, Skipped: 0, Time elapsed: 0.994 s - in org.apache.hadoop.mapred.TestMultipleTextOutputFormat
[INFO] Running org.apache.hadoop.mapred.TestJobCounters
[INFO] Tests run: 12, Failures: 0, Errors: 0, Skipped: 0, Time elapsed: 136.931 s - in org.apache.hadoop.mapred.TestJobCounters
[INFO] Running org.apache.hadoop.mapred.TestMRCJCFileOutputCommitter
[INFO] Tests run: 3, Failures: 0, Errors: 0, Skipped: 0, Time elapsed: 1.019 s - in org.apache.hadoop.mapred.TestMRCJCFileOutputCommitter
[INFO] Running org.apache.hadoop.mapred.TestTaskStatus
[INFO] Tests run: 3, Failures: 0, Errors: 0, Skipped: 0, Time elapsed: 0.239 s - in org.apache.hadoop.mapred.TestTaskStatus
[INFO] Running org.apache.hadoop.mapred.TestMRCJCJobConf
[WARNING] Tests run: 1, Failures: 0, Errors: 0, Skipped: 1, Time elapsed: 0.024 s - in org.apache.hadoop.mapred.TestMRCJCJobConf
[INFO] Running org.apache.hadoop.mapred.TestInputPath
[INFO] Tests run: 1, Failures: 0, Errors: 0, Skipped: 0, Time elapsed: 0.824 s - in org.apache.hadoop.mapred.TestInputPath
[INFO] Running org.apache.hadoop.mapred.TestClientServiceDelegate
[INFO] Tests run: 26, Failures: 0, Errors: 0, Skipped: 0, Time elapsed: 9.636 s - in org.apache.hadoop.mapred.TestClientServiceDelegate
[INFO] Running org.apache.hadoop.mapred.TestMapOutputType
[INFO] Tests run: 3, Failures: 0, Errors: 0, Skipped: 0, Time elapsed: 5.256 s - in org.apache.hadoop.mapred.TestMapOutputType
[INFO] Running org.apache.hadoop.mapred.TestReduceFetchFromPartialMem
[INFO] Tests run: 1, Failures: 0, Errors: 0, Skipped: 0, Time elapsed: 79.801 s - in org.apache.hadoop.mapred.TestReduceFetchFromPartialMem
[INFO] Running org.apache.hadoop.mapred.TestMultiFileSplit
[INFO] Tests run: 2, Failures: 0, Errors: 0, Skipped: 0, Time elapsed: 0.897 s - in org.apache.hadoop.mapred.TestMultiFileSplit
[INFO] Running org.apache.hadoop.mapred.TestMiniMRBringup
[INFO] Tests run: 2, Failures: 0, Errors: 0, Skipped: 0, Time elapsed: 10.322 s - in org.apache.hadoop.mapred.TestMiniMRBringup
[INFO] Running org.apache.hadoop.mapred.TestLazyOutput
[INFO] Tests run: 1, Failures: 0, Errors: 0, Skipped: 0, Time elapsed: 144.074 s - in org.apache.hadoop.mapred.TestLazyOutput
[INFO] Running org.apache.hadoop.mapred.TestGetSplitHosts
[INFO] Tests run: 1, Failures: 0, Errors: 0, Skipped: 0, Time elapsed: 0.21 s - in org.apache.hadoop.mapred.TestGetSplitHosts
[INFO] Running org.apache.hadoop.mapred.TestMapProgress
[INFO] Tests run: 1, Failures: 0, Errors: 0, Skipped: 0, Time elapsed: 1.089 s - in org.apache.hadoop.mapred.TestMapProgress
[INFO] Running org.apache.hadoop.mapred.TestMiniMRWithDFSWithDistinctUsers
[INFO] Tests run: 2, Failures: 0, Errors: 0, Skipped: 0, Time elapsed: 202.16 s - in org.apache.hadoop.mapred.TestMiniMRWithDFSWithDistinctUsers
[INFO] Running org.apache.hadoop.mapred.TestTaskPerformanceSplits
[INFO] Tests run: 1, Failures: 0, Errors: 0, Skipped: 0, Time elapsed: 0.082 s - in org.apache.hadoop.mapred.TestTaskPerformanceSplits
[INFO] Running org.apache.hadoop.mapred.TestMRTimelineEventHandling
[INFO] Tests run: 4, Failures: 0, Errors: 0, Skipped: 0, Time elapsed: 291.803 s - in org.apache.hadoop.mapred.TestMRTimelineEventHandling
[INFO] Running org.apache.hadoop.mapred.TestResourceMgrDelegate
[INFO] Tests run: 2, Failures: 0, Errors: 0, Skipped: 0, Time elapsed: 1.734 s - in org.apache.hadoop.mapred.TestResourceMgrDelegate
[INFO] Running org.apache.hadoop.mapred.TestCombineTextInputFormat
[INFO] Tests run: 2, Failures: 0, Errors: 0, Skipped: 0, Time elapsed: 1.404 s - in org.apache.hadoop.mapred.TestCombineTextInputFormat
[INFO] Running org.apache.hadoop.mapred.TestYARNRunner
[INFO] Tests run: 26, Failures: 0, Errors: 0, Skipped: 0, Time elapsed: 35.729 s - in org.apache.hadoop.mapred.TestYARNRunner
[INFO] Running org.apache.hadoop.mapred.TestReduceFetch
[INFO] Tests run: 3, Failures: 0, Errors: 0, Skipped: 0, Time elapsed: 214.349 s - in org.apache.hadoop.mapred.TestReduceFetch
[INFO] Running org.apache.hadoop.mapred.TestFileInputFormatPathFilter
[INFO] Tests run: 4, Failures: 0, Errors: 0, Skipped: 0, Time elapsed: 1.117 s - in org.apache.hadoop.mapred.TestFileInputFormatPathFilter
[INFO] Running org.apache.hadoop.mapred.TestCombineSequenceFileInputFormat
[INFO] Tests run: 1, Failures: 0, Errors: 0, Skipped: 0, Time elapsed: 1.44 s - in org.apache.hadoop.mapred.TestCombineSequenceFileInputFormat
[INFO] Running org.apache.hadoop.mapred.pipes.TestPipeApplication
[INFO] Running org.apache.hadoop.mapred.pipes.TestPipes
[WARNING] Tests run: 1, Failures: 0, Errors: 0, Skipped: 1, Time elapsed: 0.024 s - in org.apache.hadoop.mapred.pipes.TestPipes
[INFO] Running org.apache.hadoop.mapred.pipes.TestPipesNonJavaInputFormat
[INFO] Tests run: 1, Failures: 0, Errors: 0, Skipped: 0, Time elapsed: 1.506 s - in org.apache.hadoop.mapred.pipes.TestPipesNonJavaInputFormat
[INFO] Running org.apache.hadoop.mapred.TestMiniMRChildTask
[INFO] Tests run: 2, Failures: 0, Errors: 0, Skipped: 0, Time elapsed: 63.229 s - in org.apache.hadoop.mapred.TestMiniMRChildTask
[INFO] Running org.apache.hadoop.mapred.TestMiniMRClasspath
[INFO] Tests run: 2, Failures: 0, Errors: 0, Skipped: 0, Time elapsed: 187.041 s - in org.apache.hadoop.mapred.TestMiniMRClasspath
[INFO] Running org.apache.hadoop.mapred.TestJobClients
[INFO] Tests run: 8, Failures: 0, Errors: 0, Skipped: 0, Time elapsed: 28.688 s - in org.apache.hadoop.mapred.TestJobClients
[INFO] Running org.apache.hadoop.mapred.TestLineRecordReaderJobs
[INFO] Tests run: 2, Failures: 0, Errors: 0, Skipped: 0, Time elapsed: 3.907 s - in org.apache.hadoop.mapred.TestLineRecordReaderJobs
[INFO] Running org.apache.hadoop.mapred.TestSequenceFileAsTextInputFormat
[INFO] Tests run: 1, Failures: 0, Errors: 0, Skipped: 0, Time elapsed: 3.393 s - in org.apache.hadoop.mapred.TestSequenceFileAsTextInputFormat
[INFO] Running org.apache.hadoop.mapred.TestNetworkedJob
[INFO] Tests run: 5, Failures: 0, Errors: 0, Skipped: 0, Time elapsed: 18.193 s - in org.apache.hadoop.mapred.TestNetworkedJob
[INFO] Running org.apache.hadoop.mapred.TestClientRedirect
[INFO] Tests run: 1, Failures: 0, Errors: 0, Skipped: 0, Time elapsed: 15.162 s - in org.apache.hadoop.mapred.TestClientRedirect
[INFO] Running org.apache.hadoop.mapred.TestCombineOutputCollector
[INFO] Tests run: 2, Failures: 0, Errors: 0, Skipped: 0, Time elapsed: 1.592 s - in org.apache.hadoop.mapred.TestCombineOutputCollector
[INFO] Running org.apache.hadoop.mapred.lib.TestChain
[INFO] Tests run: 2, Failures: 0, Errors: 0, Skipped: 0, Time elapsed: 0.756 s - in org.apache.hadoop.mapred.lib.TestChain
[INFO] Running org.apache.hadoop.mapred.lib.aggregate.TestAggregates
[INFO] Tests run: 1, Failures: 0, Errors: 0, Skipped: 0, Time elapsed: 2.802 s - in org.apache.hadoop.mapred.lib.aggregate.TestAggregates
[INFO] Running org.apache.hadoop.mapred.lib.TestDelegatingInputFormat
[INFO] Tests run: 1, Failures: 0, Errors: 0, Skipped: 0, Time elapsed: 24.132 s - in org.apache.hadoop.mapred.lib.TestDelegatingInputFormat
[INFO] Running org.apache.hadoop.mapred.lib.TestMultipleInputs
[INFO] Tests run: 2, Failures: 0, Errors: 0, Skipped: 0, Time elapsed: 0.464 s - in org.apache.hadoop.mapred.lib.TestMultipleInputs
[INFO] Running org.apache.hadoop.mapred.lib.TestLineInputFormat
[INFO] Tests run: 1, Failures: 0, Errors: 0, Skipped: 0, Time elapsed: 1.641 s - in org.apache.hadoop.mapred.lib.TestLineInputFormat
[INFO] Running org.apache.hadoop.mapred.lib.TestChainMapReduce
[INFO] Tests run: 1, Failures: 0, Errors: 0, Skipped: 0, Time elapsed: 2.917 s - in org.apache.hadoop.mapred.lib.TestChainMapReduce
[INFO] Running org.apache.hadoop.mapred.lib.TestMultithreadedMapRunner
[INFO] Tests run: 3, Failures: 0, Errors: 0, Skipped: 0, Time elapsed: 3.266 s - in org.apache.hadoop.mapred.lib.TestMultithreadedMapRunner
[INFO] Running org.apache.hadoop.mapred.lib.db.TestConstructQuery
[INFO] Tests run: 2, Failures: 0, Errors: 0, Skipped: 0, Time elapsed: 0.44 s - in org.apache.hadoop.mapred.lib.db.TestConstructQuery
[INFO] Running org.apache.hadoop.mapred.lib.TestMultipleOutputs
[INFO] Tests run: 2, Failures: 0, Errors: 0, Skipped: 0, Time elapsed: 3.642 s - in org.apache.hadoop.mapred.lib.TestMultipleOutputs
[INFO] Running org.apache.hadoop.mapred.lib.TestKeyFieldBasedComparator
[INFO] Tests run: 1, Failures: 0, Errors: 0, Skipped: 0, Time elapsed: 16.526 s - in org.apache.hadoop.mapred.lib.TestKeyFieldBasedComparator
[INFO] Running org.apache.hadoop.mapred.lib.TestKeyFieldBasedPartitioner
[INFO] Tests run: 2, Failures: 0, Errors: 0, Skipped: 0, Time elapsed: 0.401 s - in org.apache.hadoop.mapred.lib.TestKeyFieldBasedPartitioner
[INFO] Running org.apache.hadoop.mapred.TestMapRed
[INFO] Tests run: 5, Failures: 0, Errors: 0, Skipped: 0, Time elapsed: 24.366 s - in org.apache.hadoop.mapred.TestMapRed
[INFO] Running org.apache.hadoop.mapred.TestSortedRanges
[INFO] Tests run: 2, Failures: 0, Errors: 0, Skipped: 0, Time elapsed: 0.164 s - in org.apache.hadoop.mapred.TestSortedRanges
[INFO] Running org.apache.hadoop.mapred.TestMiniMRDFSCaching
[WARNING] Tests run: 1, Failures: 0, Errors: 0, Skipped: 1, Time elapsed: 0.023 s - in org.apache.hadoop.mapred.TestMiniMRDFSCaching
[INFO] Running org.apache.hadoop.mapred.TestKeyValueTextInputFormat
[INFO] Tests run: 4, Failures: 0, Errors: 0, Skipped: 0, Time elapsed: 15.936 s - in org.apache.hadoop.mapred.TestKeyValueTextInputFormat
[INFO] Running org.apache.hadoop.mapred.TestComparators
[INFO] Tests run: 5, Failures: 0, Errors: 0, Skipped: 0, Time elapsed: 6.357 s - in org.apache.hadoop.mapred.TestComparators
[INFO] Running org.apache.hadoop.mapred.TestJobSysDirWithDFS
[INFO] Tests run: 1, Failures: 0, Errors: 0, Skipped: 0, Time elapsed: 98.262 s - in org.apache.hadoop.mapred.TestJobSysDirWithDFS
[INFO] Running org.apache.hadoop.mapred.TestLocalJobSubmission
[INFO] Tests run: 5, Failures: 0, Errors: 0, Skipped: 0, Time elapsed: 8.653 s - in org.apache.hadoop.mapred.TestLocalJobSubmission
[INFO] Running org.apache.hadoop.mapred.TestIFile
[INFO] Tests run: 2, Failures: 0, Errors: 0, Skipped: 0, Time elapsed: 0.857 s - in org.apache.hadoop.mapred.TestIFile
[INFO] Running org.apache.hadoop.mapred.TestMRCJCJobClient
[WARNING] Tests run: 1, Failures: 0, Errors: 0, Skipped: 1, Time elapsed: 0.024 s - in org.apache.hadoop.mapred.TestMRCJCJobClient
[INFO] Running org.apache.hadoop.mapred.TestFileOutputFormat
[INFO] Tests run: 1, Failures: 0, Errors: 0, Skipped: 0, Time elapsed: 2.467 s - in org.apache.hadoop.mapred.TestFileOutputFormat
[INFO] Running org.apache.hadoop.mapred.TestClusterMRNotification
[INFO] Tests run: 1, Failures: 0, Errors: 0, Skipped: 0, Time elapsed: 78.6 s - in org.apache.hadoop.mapred.TestClusterMRNotification
[INFO] Running org.apache.hadoop.mapred.TestJobName
[INFO] Tests run: 2, Failures: 0, Errors: 0, Skipped: 0, Time elapsed: 129.664 s - in org.apache.hadoop.mapred.TestJobName
[INFO] Running org.apache.hadoop.mapred.TestCommandLineJobSubmission
[WARNING] Tests run: 1, Failures: 0, Errors: 0, Skipped: 1, Time elapsed: 0.023 s - in org.apache.hadoop.mapred.TestCommandLineJobSubmission
[INFO] Running org.apache.hadoop.mapred.TestWritableJobConf
[INFO] Tests run: 3, Failures: 0, Errors: 0, Skipped: 0, Time elapsed: 0.671 s - in org.apache.hadoop.mapred.TestWritableJobConf
[INFO] Running org.apache.hadoop.mapred.TestMRCJCFileInputFormat
[INFO] Tests run: 6, Failures: 0, Errors: 0, Skipped: 0, Time elapsed: 71.853 s - in org.apache.hadoop.mapred.TestMRCJCFileInputFormat
[INFO] Running org.apache.hadoop.mapred.TestFieldSelection
[INFO] Tests run: 1, Failures: 0, Errors: 0, Skipped: 0, Time elapsed: 2.717 s - in org.apache.hadoop.mapred.TestFieldSelection
[INFO] Running org.apache.hadoop.mapred.TestMultipleLevelCaching
[WARNING] Tests run: 1, Failures: 0, Errors: 0, Skipped: 1, Time elapsed: 0.024 s - in org.apache.hadoop.mapred.TestMultipleLevelCaching
[INFO] Running org.apache.hadoop.mapred.join.TestDatamerge
[INFO] Tests run: 5, Failures: 0, Errors: 0, Skipped: 0, Time elapsed: 32.65 s - in org.apache.hadoop.mapred.join.TestDatamerge
[INFO] Running org.apache.hadoop.mapred.join.TestTupleWritable
[INFO] Tests run: 11, Failures: 0, Errors: 0, Skipped: 0, Time elapsed: 0.246 s - in org.apache.hadoop.mapred.join.TestTupleWritable
[INFO] Running org.apache.hadoop.mapred.join.TestWrappedRecordReaderClassloader
[INFO] Tests run: 1, Failures: 0, Errors: 0, Skipped: 0, Time elapsed: 0.802 s - in org.apache.hadoop.mapred.join.TestWrappedRecordReaderClassloader
[INFO] Running org.apache.hadoop.mapred.TestIFileStreams
[INFO] Tests run: 4, Failures: 0, Errors: 0, Skipped: 0, Time elapsed: 1.085 s - in org.apache.hadoop.mapred.TestIFileStreams
[INFO] Running org.apache.hadoop.mapred.TestConcatenatedCompressedInput
[INFO] Tests run: 5, Failures: 0, Errors: 0, Skipped: 0, Time elapsed: 1.925 s - in org.apache.hadoop.mapred.TestConcatenatedCompressedInput
[INFO] Running org.apache.hadoop.mapred.jobcontrol.TestLocalJobControl
[INFO] Tests run: 1, Failures: 0, Errors: 0, Skipped: 0, Time elapsed: 21.348 s - in org.apache.hadoop.mapred.jobcontrol.TestLocalJobControl
[INFO] Running org.apache.hadoop.mapred.jobcontrol.TestJobControl
[INFO] Tests run: 4, Failures: 0, Errors: 0, Skipped: 0, Time elapsed: 19.274 s - in org.apache.hadoop.mapred.jobcontrol.TestJobControl
[INFO] Running org.apache.hadoop.mapred.TestUtils
[INFO] Tests run: 2, Failures: 0, Errors: 0, Skipped: 0, Time elapsed: 0.086 s - in org.apache.hadoop.mapred.TestUtils
[INFO] Running org.apache.hadoop.mapred.TestMultiFileInputFormat
[INFO] Tests run: 2, Failures: 0, Errors: 0, Skipped: 0, Time elapsed: 11.694 s - in org.apache.hadoop.mapred.TestMultiFileInputFormat
[INFO] Running org.apache.hadoop.mapred.TestCombineFileInputFormat
[INFO] Tests run: 1, Failures: 0, Errors: 0, Skipped: 0, Time elapsed: 0.969 s - in org.apache.hadoop.mapred.TestCombineFileInputFormat
[INFO] Running org.apache.hadoop.mapred.TestTaskCommit
[INFO] Tests run: 7, Failures: 0, Errors: 0, Skipped: 0, Time elapsed: 7.228 s - in org.apache.hadoop.mapred.TestTaskCommit
[INFO] Running org.apache.hadoop.mapred.TestMerge
[INFO] Tests run: 1, Failures: 0, Errors: 0, Skipped: 0, Time elapsed: 86.671 s - in org.apache.hadoop.mapred.TestMerge
[INFO] Running org.apache.hadoop.mapred.TestSequenceFileAsBinaryInputFormat
[INFO] Tests run: 1, Failures: 0, Errors: 0, Skipped: 0, Time elapsed: 1.185 s - in org.apache.hadoop.mapred.TestSequenceFileAsBinaryInputFormat
[INFO] Running org.apache.hadoop.mapred.TestStatisticsCollector
[INFO] Tests run: 1, Failures: 0, Errors: 0, Skipped: 0, Time elapsed: 2.67 s - in org.apache.hadoop.mapred.TestStatisticsCollector
[INFO] Running org.apache.hadoop.mapred.TestQueueConfigurationParser
[INFO] Tests run: 1, Failures: 0, Errors: 0, Skipped: 0, Time elapsed: 0.253 s - in org.apache.hadoop.mapred.TestQueueConfigurationParser
[INFO] Running org.apache.hadoop.mapred.TestTextInputFormat
[INFO] Tests run: 9, Failures: 0, Errors: 0, Skipped: 0, Time elapsed: 78.909 s - in org.apache.hadoop.mapred.TestTextInputFormat
[INFO] Running org.apache.hadoop.mapred.TestOldCombinerGrouping
[INFO] Tests run: 1, Failures: 0, Errors: 0, Skipped: 0, Time elapsed: 6.851 s - in org.apache.hadoop.mapred.TestOldCombinerGrouping
[INFO] Running org.apache.hadoop.mapred.TestCollect
[INFO] Tests run: 1, Failures: 0, Errors: 0, Skipped: 0, Time elapsed: 2.718 s - in org.apache.hadoop.mapred.TestCollect
[INFO] Running org.apache.hadoop.mapred.TestMiniMRClientCluster
[INFO] Tests run: 2, Failures: 0, Errors: 0, Skipped: 0, Time elapsed: 52.198 s - in org.apache.hadoop.mapred.TestMiniMRClientCluster
[INFO] Running org.apache.hadoop.mapred.TestClusterMapReduceTestCase
[INFO] Tests run: 4, Failures: 0, Errors: 0, Skipped: 0, Time elapsed: 173.571 s - in org.apache.hadoop.mapred.TestClusterMapReduceTestCase
[INFO] Running org.apache.hadoop.mapred.TestSequenceFileInputFormat
[INFO] Tests run: 1, Failures: 0, Errors: 0, Skipped: 0, Time elapsed: 2.636 s - in org.apache.hadoop.mapred.TestSequenceFileInputFormat
[INFO] Running org.apache.hadoop.mapred.TestReporter
[INFO] Tests run: 3, Failures: 0, Errors: 0, Skipped: 0, Time elapsed: 13.046 s - in org.apache.hadoop.mapred.TestReporter
[INFO] Running org.apache.hadoop.conf.TestNoDefaultsJobConf
[INFO] Tests run: 1, Failures: 0, Errors: 0, Skipped: 0, Time elapsed: 19.706 s - in org.apache.hadoop.conf.TestNoDefaultsJobConf
[INFO] Running org.apache.hadoop.util.TestMRCJCRunJar
[INFO] Tests run: 1, Failures: 0, Errors: 0, Skipped: 0, Time elapsed: 0.387 s - in org.apache.hadoop.util.TestMRCJCRunJar
[INFO] Running org.apache.hadoop.util.TestMRCJCReflectionUtils
[INFO] Tests run: 1, Failures: 0, Errors: 0, Skipped: 0, Time elapsed: 0.378 s - in org.apache.hadoop.util.TestMRCJCReflectionUtils
[INFO] Running org.apache.hadoop.ipc.TestMRCJCSocketFactory
[INFO] Tests run: 1, Failures: 0, Errors: 0, Skipped: 0, Time elapsed: 14.609 s - in org.apache.hadoop.ipc.TestMRCJCSocketFactory
[INFO] 
[INFO] Results:
[INFO] 
[WARNING] Tests run: 582, Failures: 0, Errors: 0, Skipped: 11
[INFO] 
[ERROR] There was a timeout or other error in the fork
[INFO] ------------------------------------------------------------------------
[INFO] BUILD SUCCESS
[INFO] ------------------------------------------------------------------------
[INFO] Total time:  02:10 h
[INFO] Finished at: 2022-04-11T19:26:29Z
[INFO] ------------------------------------------------------------------------
[WARNING] The requested profile "parallel-tests" could not be activated because it does not exist.
[WARNING] The requested profile "native" could not be activated because it does not exist.
[WARNING] The requested profile "yarn-ui" could not be activated because it does not exist.
