Mon 11 Apr 2022 05:15:04 PM UTC
cd /home/jenkins/jenkins-home/workspace/hadoop-multibranch_PR-3259/ubuntu-focal/src/hadoop-mapreduce-project/hadoop-mapreduce-client/hadoop-mapreduce-client-shuffle
/usr/bin/mvn --batch-mode -Dmaven.repo.local=/home/jenkins/jenkins-home/workspace/hadoop-multibranch_PR-3259/yetus-m2/hadoop-trunk-patch-0 -Ptest-patch -Dsurefire.rerunFailingTestsCount=2 -Pparallel-tests -P!shelltest -Pnative -Drequire.fuse -Drequire.openssl -Drequire.snappy -Drequire.valgrind -Drequire.zstd -Drequire.test.libhadoop -Pyarn-ui clean test -fae
[INFO] Scanning for projects...
[INFO] ------------------------------------------------------------------------
[INFO] Detecting the operating system and CPU architecture
[INFO] ------------------------------------------------------------------------
[INFO] os.detected.name: linux
[INFO] os.detected.arch: x86_64
[INFO] os.detected.version: 4.15
[INFO] os.detected.version.major: 4
[INFO] os.detected.version.minor: 15
[INFO] os.detected.release: ubuntu
[INFO] os.detected.release.version: 20.04
[INFO] os.detected.release.like.ubuntu: true
[INFO] os.detected.release.like.debian: true
[INFO] os.detected.classifier: linux-x86_64
[INFO] 
[INFO] ---------< org.apache.hadoop:hadoop-mapreduce-client-shuffle >----------
[INFO] Building Apache Hadoop MapReduce Shuffle 3.4.0-SNAPSHOT
[INFO] --------------------------------[ jar ]---------------------------------
[INFO] 
[INFO] --- maven-clean-plugin:3.1.0:clean (default-clean) @ hadoop-mapreduce-client-shuffle ---
[INFO] Deleting /home/jenkins/jenkins-home/workspace/hadoop-multibranch_PR-3259/ubuntu-focal/src/hadoop-mapreduce-project/hadoop-mapreduce-client/hadoop-mapreduce-client-shuffle/target
[INFO] Deleting /home/jenkins/jenkins-home/workspace/hadoop-multibranch_PR-3259/ubuntu-focal/src/hadoop-mapreduce-project/hadoop-mapreduce-client/hadoop-mapreduce-client-shuffle (includes = [dependency-reduced-pom.xml], excludes = [])
[INFO] 
[INFO] --- maven-antrun-plugin:1.7:run (create-testdirs) @ hadoop-mapreduce-client-shuffle ---
[INFO] Executing tasks

main:
    [mkdir] Created dir: /home/jenkins/jenkins-home/workspace/hadoop-multibranch_PR-3259/ubuntu-focal/src/hadoop-mapreduce-project/hadoop-mapreduce-client/hadoop-mapreduce-client-shuffle/target/test-dir
[INFO] Executed tasks
[INFO] 
[INFO] --- protobuf-maven-plugin:0.5.1:compile (src-compile-protoc) @ hadoop-mapreduce-client-shuffle ---
[INFO] Compiling 1 proto file(s) to /home/jenkins/jenkins-home/workspace/hadoop-multibranch_PR-3259/ubuntu-focal/src/hadoop-mapreduce-project/hadoop-mapreduce-client/hadoop-mapreduce-client-shuffle/target/generated-sources/java
[INFO] 
[INFO] --- maven-enforcer-plugin:3.0.0:enforce (banned-illegal-imports) @ hadoop-mapreduce-client-shuffle ---
[INFO] 
[INFO] --- replacer:1.5.3:replace (replace-generated-sources) @ hadoop-mapreduce-client-shuffle ---
[INFO] Replacement run on 1 file.
[INFO] 
[INFO] --- replacer:1.5.3:replace (replace-sources) @ hadoop-mapreduce-client-shuffle ---
[INFO] Replacement run on 4 files.
[INFO] 
[INFO] --- replacer:1.5.3:replace (replace-guava) @ hadoop-mapreduce-client-shuffle ---
[INFO] Replacement run on 7 files.
[INFO] 
[INFO] --- maven-resources-plugin:2.6:resources (default-resources) @ hadoop-mapreduce-client-shuffle ---
[INFO] Using 'UTF-8' encoding to copy filtered resources.
[INFO] skip non existing resourceDirectory /home/jenkins/jenkins-home/workspace/hadoop-multibranch_PR-3259/ubuntu-focal/src/hadoop-mapreduce-project/hadoop-mapreduce-client/hadoop-mapreduce-client-shuffle/src/main/resources
[INFO] 
[INFO] --- maven-compiler-plugin:3.1:compile (default-compile) @ hadoop-mapreduce-client-shuffle ---
[INFO] Compiling 5 source files to /home/jenkins/jenkins-home/workspace/hadoop-multibranch_PR-3259/ubuntu-focal/src/hadoop-mapreduce-project/hadoop-mapreduce-client/hadoop-mapreduce-client-shuffle/target/classes
[WARNING] /home/jenkins/jenkins-home/workspace/hadoop-multibranch_PR-3259/ubuntu-focal/src/hadoop-mapreduce-project/hadoop-mapreduce-client/hadoop-mapreduce-client-shuffle/target/generated-sources/java/org/apache/hadoop/mapred/proto/ShuffleHandlerRecoveryProtos.java:[99,102] [deprecation] PARSER in TokenProto has been deprecated
[INFO] 
[INFO] --- protobuf-maven-plugin:0.5.1:test-compile (src-test-compile-protoc) @ hadoop-mapreduce-client-shuffle ---
[INFO] Skipping mojo execution
[INFO] 
[INFO] --- replacer:1.5.3:replace (replace-test-sources) @ hadoop-mapreduce-client-shuffle ---
[INFO] Replacement run on 3 files.
[INFO] 
[INFO] --- maven-resources-plugin:2.6:testResources (default-testResources) @ hadoop-mapreduce-client-shuffle ---
[INFO] Using 'UTF-8' encoding to copy filtered resources.
[INFO] Copying 2 resources
[INFO] 
[INFO] --- replacer:1.5.3:replace (replace-generated-test-sources) @ hadoop-mapreduce-client-shuffle ---
[INFO] Skipping
[INFO] 
[INFO] --- maven-compiler-plugin:3.1:testCompile (default-testCompile) @ hadoop-mapreduce-client-shuffle ---
[INFO] Compiling 3 source files to /home/jenkins/jenkins-home/workspace/hadoop-multibranch_PR-3259/ubuntu-focal/src/hadoop-mapreduce-project/hadoop-mapreduce-client/hadoop-mapreduce-client-shuffle/target/test-classes
[WARNING] /home/jenkins/jenkins-home/workspace/hadoop-multibranch_PR-3259/ubuntu-focal/src/hadoop-mapreduce-project/hadoop-mapreduce-client/hadoop-mapreduce-client-shuffle/src/test/java/org/apache/hadoop/mapred/TestShuffleHandler.java:[1135,14] [deprecation] <T>assertThat(T,Matcher<? super T>) in Assert has been deprecated
[INFO] 
[INFO] --- maven-surefire-plugin:3.0.0-M1:test (default-test) @ hadoop-mapreduce-client-shuffle ---
[INFO] 
[INFO] -------------------------------------------------------
[INFO]  T E S T S
[INFO] -------------------------------------------------------
[INFO] Running org.apache.hadoop.mapred.TestFadvisedFileRegion
[INFO] Tests run: 1, Failures: 0, Errors: 0, Skipped: 0, Time elapsed: 0.557 s - in org.apache.hadoop.mapred.TestFadvisedFileRegion
[INFO] Running org.apache.hadoop.mapred.TestShuffleHandler
[INFO] Tests run: 18, Failures: 0, Errors: 0, Skipped: 0, Time elapsed: 14.766 s - in org.apache.hadoop.mapred.TestShuffleHandler
[INFO] Running org.apache.hadoop.mapred.TestFadvisedChunkedFile
[INFO] Tests run: 1, Failures: 0, Errors: 0, Skipped: 0, Time elapsed: 0.331 s - in org.apache.hadoop.mapred.TestFadvisedChunkedFile
[INFO] 
[INFO] Results:
[INFO] 
[INFO] Tests run: 20, Failures: 0, Errors: 0, Skipped: 0
[INFO] 
[INFO] ------------------------------------------------------------------------
[INFO] BUILD SUCCESS
[INFO] ------------------------------------------------------------------------
[INFO] Total time:  27.578 s
[INFO] Finished at: 2022-04-11T17:15:33Z
[INFO] ------------------------------------------------------------------------
[WARNING] The requested profile "parallel-tests" could not be activated because it does not exist.
[WARNING] The requested profile "native" could not be activated because it does not exist.
[WARNING] The requested profile "yarn-ui" could not be activated because it does not exist.
